<?xml version="1.0" encoding="UTF-8"?>
<coverage generated="1752068495205" clover="3.2.0">
  <project timestamp="1752068495208" name="All files">
    <metrics statements="22" coveredstatements="22" conditionals="6" coveredconditionals="6" methods="5" coveredmethods="5" elements="33" coveredelements="33" complexity="0" loc="22" ncloc="22" packages="1" files="1" classes="1"/>
    <file name="event.service.ts" path="C:\Users\Ryan\Desktop\Teach2give\event_ticketing_system\backend\src\events\event.service.ts">
      <metrics statements="22" coveredstatements="22" conditionals="6" coveredconditionals="6" methods="5" coveredmethods="5"/>
      <line num="1" count="1" type="stmt"/>
      <line num="2" count="1" type="stmt"/>
      <line num="3" count="1" type="stmt"/>
      <line num="7" count="1" type="stmt"/>
      <line num="8" count="2" type="stmt"/>
      <line num="9" count="2" type="stmt"/>
      <line num="13" count="1" type="stmt"/>
      <line num="14" count="2" type="stmt"/>
      <line num="17" count="2" type="stmt"/>
      <line num="21" count="1" type="stmt"/>
      <line num="22" count="2" type="stmt"/>
      <line num="23" count="2" type="cond" truecount="2" falsecount="0"/>
      <line num="24" count="1" type="stmt"/>
      <line num="26" count="1" type="stmt"/>
      <line num="30" count="1" type="stmt"/>
      <line num="31" count="2" type="stmt"/>
      <line num="37" count="2" type="cond" truecount="4" falsecount="0"/>
      <line num="38" count="1" type="stmt"/>
      <line num="41" count="1" type="stmt"/>
      <line num="45" count="1" type="stmt"/>
      <line num="46" count="1" type="stmt"/>
      <line num="47" count="1" type="stmt"/>
    </file>
  </project>
</coverage>
