{"C:\\Users\\Ryan\\Desktop\\Teach2give\\event_ticketing_system\\backend\\src\\index.ts": {"path":"C:\\Users\\Ryan\\Desktop\\Teach2give\\event_ticketing_system\\backend\\src\\index.ts","statementMap":{"0":{"start":{"line":1,"column":0},"end":{"line":1,"column":30}},"1":{"start":{"line":2,"column":0},"end":{"line":2,"column":48}},"2":{"start":{"line":3,"column":0},"end":{"line":3,"column":62}},"3":{"start":{"line":4,"column":0},"end":{"line":4,"column":42}},"4":{"start":{"line":5,"column":0},"end":{"line":5,"column":48}},"5":{"start":{"line":6,"column":0},"end":{"line":6,"column":42}},"6":{"start":{"line":7,"column":0},"end":{"line":7,"column":39}},"7":{"start":{"line":10,"column":0},"end":{"line":10,"column":24}},"8":{"start":{"line":12,"column":21},"end":{"line":38,"column":1}},"9":{"start":{"line":13,"column":12},"end":{"line":13,"column":21}},"10":{"start":{"line":16,"column":0},"end":{"line":16,"column":24}},"11":{"start":{"line":17,"column":1},"end":{"line":20,"column":null}},"12":{"start":{"line":25,"column":0},"end":{"line":25,"column":13}},"13":{"start":{"line":26,"column":0},"end":{"line":26,"column":19}},"14":{"start":{"line":27,"column":0},"end":{"line":27,"column":11}},"15":{"start":{"line":28,"column":0},"end":{"line":28,"column":13}},"16":{"start":{"line":29,"column":0},"end":{"line":29,"column":null}},"17":{"start":{"line":30,"column":0},"end":{"line":30,"column":10}},"18":{"start":{"line":32,"column":0},"end":{"line":34,"column":null}},"19":{"start":{"line":33,"column":2},"end":{"line":33,"column":null}},"20":{"start":{"line":36,"column":0},"end":{"line":36,"column":11}},"21":{"start":{"line":39,"column":12},"end":{"line":39,"column":26}},"22":{"start":{"line":40,"column":0},"end":{"line":40,"column":19}}},"fnMap":{"0":{"name":"(anonymous_1)","decl":{"start":{"line":12,"column":21},"end":{"line":12,"column":24}},"loc":{"start":{"line":12,"column":26},"end":{"line":38,"column":1}}},"1":{"name":"(anonymous_2)","decl":{"start":{"line":32,"column":13},"end":{"line":32,"column":14}},"loc":{"start":{"line":32,"column":26},"end":{"line":34,"column":1}}}},"branchMap":{},"s":{"0":8,"1":8,"2":8,"3":8,"4":8,"5":8,"6":8,"7":8,"8":8,"9":8,"10":8,"11":8,"12":8,"13":8,"14":8,"15":8,"16":8,"17":8,"18":8,"19":0,"20":8,"21":8,"22":8},"f":{"0":8,"1":0},"b":{}}
,"C:\\Users\\Ryan\\Desktop\\Teach2give\\event_ticketing_system\\backend\\src\\bookings\\booking.controller.ts": {"path":"C:\\Users\\Ryan\\Desktop\\Teach2give\\event_ticketing_system\\backend\\src\\bookings\\booking.controller.ts","statementMap":{"0":{"start":{"line":2,"column":0},"end":{"line":2,"column":52}},"1":{"start":{"line":5,"column":40},"end":{"line":15,"column":1}},"2":{"start":{"line":6,"column":2},"end":{"line":14,"column":3}},"3":{"start":{"line":7,"column":21},"end":{"line":7,"column":58}},"4":{"start":{"line":8,"column":4},"end":{"line":8,"column":null}},"5":{"start":{"line":9,"column":4},"end":{"line":9,"column":11}},"6":{"start":{"line":11,"column":4},"end":{"line":11,"column":null}},"7":{"start":{"line":12,"column":4},"end":{"line":12,"column":null}},"8":{"start":{"line":13,"column":4},"end":{"line":13,"column":11}},"9":{"start":{"line":5,"column":13},"end":{"line":5,"column":40}},"10":{"start":{"line":18,"column":40},"end":{"line":41,"column":1}},"11":{"start":{"line":19,"column":2},"end":{"line":40,"column":3}},"12":{"start":{"line":20,"column":15},"end":{"line":20,"column":38}},"13":{"start":{"line":22,"column":4},"end":{"line":25,"column":5}},"14":{"start":{"line":23,"column":7},"end":{"line":23,"column":55}},"15":{"start":{"line":24,"column":6},"end":{"line":24,"column":13}},"16":{"start":{"line":27,"column":20},"end":{"line":27,"column":59}},"17":{"start":{"line":29,"column":4},"end":{"line":32,"column":5}},"18":{"start":{"line":30,"column":6},"end":{"line":30,"column":61}},"19":{"start":{"line":31,"column":6},"end":{"line":31,"column":13}},"20":{"start":{"line":34,"column":4},"end":{"line":34,"column":44}},"21":{"start":{"line":36,"column":4},"end":{"line":36,"column":11}},"22":{"start":{"line":38,"column":5},"end":{"line":38,"column":null}},"23":{"start":{"line":39,"column":4},"end":{"line":39,"column":11}},"24":{"start":{"line":18,"column":13},"end":{"line":18,"column":40}},"25":{"start":{"line":44,"column":39},"end":{"line":59,"column":1}},"26":{"start":{"line":45,"column":2},"end":{"line":58,"column":3}},"27":{"start":{"line":46,"column":20},"end":{"line":46,"column":64}},"28":{"start":{"line":48,"column":4},"end":{"line":51,"column":5}},"29":{"start":{"line":49,"column":6},"end":{"line":49,"column":63}},"30":{"start":{"line":50,"column":6},"end":{"line":50,"column":13}},"31":{"start":{"line":52,"column":4},"end":{"line":52,"column":79}},"32":{"start":{"line":53,"column":4},"end":{"line":53,"column":11}},"33":{"start":{"line":55,"column":4},"end":{"line":55,"column":50}},"34":{"start":{"line":56,"column":5},"end":{"line":56,"column":79}},"35":{"start":{"line":57,"column":4},"end":{"line":57,"column":11}},"36":{"start":{"line":44,"column":13},"end":{"line":44,"column":39}},"37":{"start":{"line":62,"column":39},"end":{"line":82,"column":1}},"38":{"start":{"line":63,"column":2},"end":{"line":81,"column":3}},"39":{"start":{"line":64,"column":15},"end":{"line":64,"column":38}},"40":{"start":{"line":66,"column":4},"end":{"line":69,"column":5}},"41":{"start":{"line":67,"column":6},"end":{"line":67,"column":54}},"42":{"start":{"line":68,"column":6},"end":{"line":68,"column":13}},"43":{"start":{"line":71,"column":20},"end":{"line":71,"column":68}},"44":{"start":{"line":72,"column":4},"end":{"line":74,"column":5}},"45":{"start":{"line":73,"column":6},"end":{"line":73,"column":68}},"46":{"start":{"line":75,"column":4},"end":{"line":75,"column":88}},"47":{"start":{"line":76,"column":4},"end":{"line":76,"column":11}},"48":{"start":{"line":78,"column":4},"end":{"line":78,"column":50}},"49":{"start":{"line":79,"column":4},"end":{"line":79,"column":78}},"50":{"start":{"line":80,"column":4},"end":{"line":80,"column":11}},"51":{"start":{"line":62,"column":13},"end":{"line":62,"column":39}},"52":{"start":{"line":85,"column":39},"end":{"line":102,"column":1}},"53":{"start":{"line":86,"column":2},"end":{"line":101,"column":3}},"54":{"start":{"line":87,"column":15},"end":{"line":87,"column":42}},"55":{"start":{"line":89,"column":4},"end":{"line":92,"column":5}},"56":{"start":{"line":90,"column":6},"end":{"line":90,"column":54}},"57":{"start":{"line":91,"column":6},"end":{"line":91,"column":13}},"58":{"start":{"line":94,"column":4},"end":{"line":94,"column":43}},"59":{"start":{"line":95,"column":4},"end":{"line":95,"column":27}},"60":{"start":{"line":96,"column":4},"end":{"line":96,"column":11}},"61":{"start":{"line":98,"column":4},"end":{"line":98,"column":50}},"62":{"start":{"line":99,"column":4},"end":{"line":99,"column":78}},"63":{"start":{"line":100,"column":4},"end":{"line":100,"column":11}},"64":{"start":{"line":85,"column":13},"end":{"line":85,"column":39}},"65":{"start":{"line":106,"column":45},"end":{"line":129,"column":1}},"66":{"start":{"line":107,"column":2},"end":{"line":128,"column":3}},"67":{"start":{"line":108,"column":19},"end":{"line":108,"column":44}},"68":{"start":{"line":110,"column":4},"end":{"line":113,"column":5}},"69":{"start":{"line":111,"column":6},"end":{"line":111,"column":57}},"70":{"start":{"line":112,"column":6},"end":{"line":112,"column":13}},"71":{"start":{"line":115,"column":21},"end":{"line":115,"column":69}},"72":{"start":{"line":117,"column":4},"end":{"line":120,"column":5}},"73":{"start":{"line":118,"column":6},"end":{"line":118,"column":76}},"74":{"start":{"line":119,"column":6},"end":{"line":119,"column":13}},"75":{"start":{"line":122,"column":4},"end":{"line":122,"column":45}},"76":{"start":{"line":123,"column":4},"end":{"line":123,"column":11}},"77":{"start":{"line":125,"column":4},"end":{"line":125,"column":62}},"78":{"start":{"line":126,"column":4},"end":{"line":126,"column":78}},"79":{"start":{"line":127,"column":4},"end":{"line":127,"column":11}},"80":{"start":{"line":106,"column":13},"end":{"line":106,"column":45}}},"fnMap":{"0":{"name":"(anonymous_9)","decl":{"start":{"line":5,"column":40},"end":{"line":5,"column":45}},"loc":{"start":{"line":5,"column":79},"end":{"line":15,"column":1}}},"1":{"name":"(anonymous_10)","decl":{"start":{"line":18,"column":40},"end":{"line":18,"column":45}},"loc":{"start":{"line":18,"column":78},"end":{"line":41,"column":1}}},"2":{"name":"(anonymous_11)","decl":{"start":{"line":44,"column":39},"end":{"line":44,"column":44}},"loc":{"start":{"line":44,"column":77},"end":{"line":59,"column":1}}},"3":{"name":"(anonymous_12)","decl":{"start":{"line":62,"column":39},"end":{"line":62,"column":44}},"loc":{"start":{"line":62,"column":77},"end":{"line":82,"column":1}}},"4":{"name":"(anonymous_13)","decl":{"start":{"line":85,"column":39},"end":{"line":85,"column":44}},"loc":{"start":{"line":85,"column":77},"end":{"line":102,"column":1}}},"5":{"name":"(anonymous_14)","decl":{"start":{"line":106,"column":45},"end":{"line":106,"column":50}},"loc":{"start":{"line":106,"column":83},"end":{"line":129,"column":1}}}},"branchMap":{"0":{"loc":{"start":{"line":12,"column":34},"end":{"line":12,"column":74}},"type":"binary-expr","locations":[{"start":{"line":12,"column":34},"end":{"line":12,"column":47}},{"start":{"line":12,"column":51},"end":{"line":12,"column":74}}]},"1":{"loc":{"start":{"line":22,"column":4},"end":{"line":25,"column":5}},"type":"if","locations":[{"start":{"line":22,"column":4},"end":{"line":25,"column":5}},{"start":{},"end":{}}]},"2":{"loc":{"start":{"line":29,"column":4},"end":{"line":32,"column":5}},"type":"if","locations":[{"start":{"line":29,"column":4},"end":{"line":32,"column":5}},{"start":{},"end":{}}]},"3":{"loc":{"start":{"line":48,"column":4},"end":{"line":51,"column":5}},"type":"if","locations":[{"start":{"line":48,"column":4},"end":{"line":51,"column":5}},{"start":{},"end":{}}]},"4":{"loc":{"start":{"line":56,"column":35},"end":{"line":56,"column":75}},"type":"binary-expr","locations":[{"start":{"line":56,"column":35},"end":{"line":56,"column":48}},{"start":{"line":56,"column":52},"end":{"line":56,"column":75}}]},"5":{"loc":{"start":{"line":66,"column":4},"end":{"line":69,"column":5}},"type":"if","locations":[{"start":{"line":66,"column":4},"end":{"line":69,"column":5}},{"start":{},"end":{}}]},"6":{"loc":{"start":{"line":72,"column":4},"end":{"line":74,"column":5}},"type":"if","locations":[{"start":{"line":72,"column":4},"end":{"line":74,"column":5}},{"start":{},"end":{}}]},"7":{"loc":{"start":{"line":79,"column":34},"end":{"line":79,"column":74}},"type":"binary-expr","locations":[{"start":{"line":79,"column":34},"end":{"line":79,"column":47}},{"start":{"line":79,"column":51},"end":{"line":79,"column":74}}]},"8":{"loc":{"start":{"line":89,"column":4},"end":{"line":92,"column":5}},"type":"if","locations":[{"start":{"line":89,"column":4},"end":{"line":92,"column":5}},{"start":{},"end":{}}]},"9":{"loc":{"start":{"line":99,"column":34},"end":{"line":99,"column":74}},"type":"binary-expr","locations":[{"start":{"line":99,"column":34},"end":{"line":99,"column":47}},{"start":{"line":99,"column":51},"end":{"line":99,"column":74}}]},"10":{"loc":{"start":{"line":110,"column":4},"end":{"line":113,"column":5}},"type":"if","locations":[{"start":{"line":110,"column":4},"end":{"line":113,"column":5}},{"start":{},"end":{}}]},"11":{"loc":{"start":{"line":117,"column":4},"end":{"line":120,"column":5}},"type":"if","locations":[{"start":{"line":117,"column":4},"end":{"line":120,"column":5}},{"start":{},"end":{}}]},"12":{"loc":{"start":{"line":117,"column":8},"end":{"line":117,"column":42}},"type":"binary-expr","locations":[{"start":{"line":117,"column":8},"end":{"line":117,"column":17}},{"start":{"line":117,"column":21},"end":{"line":117,"column":42}}]},"13":{"loc":{"start":{"line":126,"column":34},"end":{"line":126,"column":74}},"type":"binary-expr","locations":[{"start":{"line":126,"column":34},"end":{"line":126,"column":47}},{"start":{"line":126,"column":51},"end":{"line":126,"column":74}}]}},"s":{"0":8,"1":8,"2":2,"3":2,"4":1,"5":1,"6":1,"7":1,"8":1,"9":8,"10":8,"11":4,"12":4,"13":4,"14":1,"15":1,"16":3,"17":2,"18":1,"19":1,"20":1,"21":1,"22":1,"23":1,"24":8,"25":8,"26":4,"27":4,"28":2,"29":1,"30":1,"31":1,"32":1,"33":2,"34":2,"35":2,"36":8,"37":8,"38":4,"39":4,"40":4,"41":1,"42":1,"43":3,"44":2,"45":1,"46":1,"47":1,"48":1,"49":1,"50":1,"51":8,"52":8,"53":3,"54":3,"55":3,"56":1,"57":1,"58":2,"59":1,"60":1,"61":1,"62":1,"63":1,"64":8,"65":8,"66":4,"67":4,"68":4,"69":1,"70":1,"71":3,"72":2,"73":1,"74":1,"75":1,"76":1,"77":1,"78":1,"79":1,"80":8},"f":{"0":2,"1":4,"2":4,"3":4,"4":3,"5":4},"b":{"0":[1,0],"1":[1,3],"2":[1,1],"3":[1,1],"4":[2,0],"5":[1,3],"6":[1,1],"7":[1,0],"8":[1,2],"9":[1,0],"10":[1,3],"11":[1,1],"12":[2,2],"13":[1,0]}}
,"C:\\Users\\Ryan\\Desktop\\Teach2give\\event_ticketing_system\\backend\\src\\bookings\\booking.router.ts": {"path":"C:\\Users\\Ryan\\Desktop\\Teach2give\\event_ticketing_system\\backend\\src\\bookings\\booking.router.ts","statementMap":{"0":{"start":{"line":2,"column":0},"end":{"line":2,"column":null}},"1":{"start":{"line":4,"column":1},"end":{"line":4,"column":70}},"2":{"start":{"line":9,"column":16},"end":{"line":77,"column":1}},"3":{"start":{"line":11,"column":4},"end":{"line":19,"column":null}},"4":{"start":{"line":13,"column":12},"end":{"line":17,"column":13}},"5":{"start":{"line":14,"column":16},"end":{"line":14,"column":null}},"6":{"start":{"line":16,"column":16},"end":{"line":16,"column":null}},"7":{"start":{"line":22,"column":4},"end":{"line":31,"column":null}},"8":{"start":{"line":25,"column":12},"end":{"line":29,"column":13}},"9":{"start":{"line":26,"column":16},"end":{"line":26,"column":null}},"10":{"start":{"line":28,"column":16},"end":{"line":28,"column":null}},"11":{"start":{"line":34,"column":4},"end":{"line":42,"column":null}},"12":{"start":{"line":36,"column":12},"end":{"line":40,"column":13}},"13":{"start":{"line":37,"column":16},"end":{"line":37,"column":null}},"14":{"start":{"line":39,"column":16},"end":{"line":39,"column":null}},"15":{"start":{"line":45,"column":4},"end":{"line":53,"column":null}},"16":{"start":{"line":47,"column":12},"end":{"line":51,"column":13}},"17":{"start":{"line":48,"column":16},"end":{"line":48,"column":null}},"18":{"start":{"line":50,"column":16},"end":{"line":50,"column":null}},"19":{"start":{"line":56,"column":4},"end":{"line":64,"column":null}},"20":{"start":{"line":58,"column":12},"end":{"line":62,"column":13}},"21":{"start":{"line":59,"column":16},"end":{"line":59,"column":null}},"22":{"start":{"line":61,"column":16},"end":{"line":61,"column":null}},"23":{"start":{"line":67,"column":8},"end":{"line":76,"column":10}},"24":{"start":{"line":70,"column":12},"end":{"line":74,"column":13}},"25":{"start":{"line":71,"column":12},"end":{"line":71,"column":58}},"26":{"start":{"line":73,"column":12},"end":{"line":73,"column":24}},"27":{"start":{"line":80,"column":0},"end":{"line":80,"column":23}}},"fnMap":{"0":{"name":"(anonymous_0)","decl":{"start":{"line":9,"column":16},"end":{"line":9,"column":17}},"loc":{"start":{"line":9,"column":33},"end":{"line":77,"column":1}}},"1":{"name":"(anonymous_1)","decl":{"start":{"line":12,"column":8},"end":{"line":12,"column":13}},"loc":{"start":{"line":12,"column":33},"end":{"line":18,"column":9}}},"2":{"name":"(anonymous_2)","decl":{"start":{"line":24,"column":8},"end":{"line":24,"column":13}},"loc":{"start":{"line":24,"column":33},"end":{"line":30,"column":9}}},"3":{"name":"(anonymous_3)","decl":{"start":{"line":35,"column":8},"end":{"line":35,"column":13}},"loc":{"start":{"line":35,"column":33},"end":{"line":41,"column":9}}},"4":{"name":"(anonymous_4)","decl":{"start":{"line":46,"column":8},"end":{"line":46,"column":13}},"loc":{"start":{"line":46,"column":33},"end":{"line":52,"column":9}}},"5":{"name":"(anonymous_5)","decl":{"start":{"line":57,"column":8},"end":{"line":57,"column":13}},"loc":{"start":{"line":57,"column":33},"end":{"line":63,"column":9}}},"6":{"name":"(anonymous_6)","decl":{"start":{"line":69,"column":8},"end":{"line":69,"column":13}},"loc":{"start":{"line":69,"column":33},"end":{"line":75,"column":9}}}},"branchMap":{},"s":{"0":8,"1":8,"2":8,"3":8,"4":4,"5":4,"6":0,"7":8,"8":2,"9":2,"10":0,"11":8,"12":4,"13":4,"14":0,"15":8,"16":4,"17":4,"18":0,"19":8,"20":3,"21":3,"22":0,"23":8,"24":4,"25":4,"26":0,"27":8},"f":{"0":8,"1":4,"2":2,"3":4,"4":4,"5":3,"6":4},"b":{}}
,"C:\\Users\\Ryan\\Desktop\\Teach2give\\event_ticketing_system\\backend\\src\\bookings\\booking.service.ts": {"path":"C:\\Users\\Ryan\\Desktop\\Teach2give\\event_ticketing_system\\backend\\src\\bookings\\booking.service.ts","statementMap":{"0":{"start":{"line":1,"column":0},"end":{"line":1,"column":31}},"1":{"start":{"line":2,"column":0},"end":{"line":2,"column":50}},"2":{"start":{"line":3,"column":0},"end":{"line":3,"column":33}},"3":{"start":{"line":7,"column":30},"end":{"line":10,"column":1}},"4":{"start":{"line":8,"column":19},"end":{"line":8,"column":58}},"5":{"start":{"line":9,"column":4},"end":{"line":9,"column":20}},"6":{"start":{"line":7,"column":13},"end":{"line":7,"column":30}},"7":{"start":{"line":13,"column":30},"end":{"line":18,"column":1}},"8":{"start":{"line":14,"column":19},"end":{"line":16,"column":4}},"9":{"start":{"line":17,"column":2},"end":{"line":17,"column":null}},"10":{"start":{"line":13,"column":13},"end":{"line":13,"column":30}},"11":{"start":{"line":21,"column":29},"end":{"line":27,"column":1}},"12":{"start":{"line":22,"column":23},"end":{"line":22,"column":81}},"13":{"start":{"line":23,"column":4},"end":{"line":25,"column":5}},"14":{"start":{"line":24,"column":8},"end":{"line":24,"column":null}},"15":{"start":{"line":26,"column":4},"end":{"line":26,"column":null}},"16":{"start":{"line":21,"column":13},"end":{"line":21,"column":29}},"17":{"start":{"line":30,"column":30},"end":{"line":42,"column":1}},"18":{"start":{"line":31,"column":20},"end":{"line":35,"column":16}},"19":{"start":{"line":37,"column":4},"end":{"line":39,"column":5}},"20":{"start":{"line":38,"column":8},"end":{"line":38,"column":20}},"21":{"start":{"line":41,"column":4},"end":{"line":41,"column":22}},"22":{"start":{"line":30,"column":13},"end":{"line":30,"column":30}},"23":{"start":{"line":45,"column":29},"end":{"line":48,"column":1}},"24":{"start":{"line":46,"column":2},"end":{"line":46,"column":null}},"25":{"start":{"line":47,"column":2},"end":{"line":47,"column":40}},"26":{"start":{"line":45,"column":13},"end":{"line":45,"column":29}},"27":{"start":{"line":51,"column":35},"end":{"line":56,"column":1}},"28":{"start":{"line":52,"column":19},"end":{"line":54,"column":4}},"29":{"start":{"line":55,"column":2},"end":{"line":55,"column":18}},"30":{"start":{"line":51,"column":13},"end":{"line":51,"column":35}}},"fnMap":{"0":{"name":"(anonymous_1)","decl":{"start":{"line":7,"column":30},"end":{"line":7,"column":35}},"loc":{"start":{"line":7,"column":41},"end":{"line":10,"column":1}}},"1":{"name":"(anonymous_2)","decl":{"start":{"line":13,"column":30},"end":{"line":13,"column":35}},"loc":{"start":{"line":13,"column":51},"end":{"line":18,"column":1}}},"2":{"name":"(anonymous_3)","decl":{"start":{"line":21,"column":29},"end":{"line":21,"column":34}},"loc":{"start":{"line":21,"column":58},"end":{"line":27,"column":1}}},"3":{"name":"(anonymous_4)","decl":{"start":{"line":30,"column":30},"end":{"line":30,"column":35}},"loc":{"start":{"line":30,"column":71},"end":{"line":42,"column":1}}},"4":{"name":"(anonymous_5)","decl":{"start":{"line":45,"column":29},"end":{"line":45,"column":34}},"loc":{"start":{"line":45,"column":50},"end":{"line":48,"column":1}}},"5":{"name":"(anonymous_6)","decl":{"start":{"line":51,"column":35},"end":{"line":51,"column":40}},"loc":{"start":{"line":51,"column":60},"end":{"line":56,"column":1}}}},"branchMap":{"0":{"loc":{"start":{"line":23,"column":4},"end":{"line":25,"column":5}},"type":"if","locations":[{"start":{"line":23,"column":4},"end":{"line":25,"column":5}},{"start":{},"end":{}}]},"1":{"loc":{"start":{"line":37,"column":4},"end":{"line":39,"column":5}},"type":"if","locations":[{"start":{"line":37,"column":4},"end":{"line":39,"column":5}},{"start":{},"end":{}}]},"2":{"loc":{"start":{"line":37,"column":8},"end":{"line":37,"column":40}},"type":"binary-expr","locations":[{"start":{"line":37,"column":8},"end":{"line":37,"column":16}},{"start":{"line":37,"column":20},"end":{"line":37,"column":40}}]}},"s":{"0":8,"1":8,"2":8,"3":8,"4":1,"5":1,"6":8,"7":8,"8":2,"9":2,"10":8,"11":8,"12":2,"13":1,"14":1,"15":0,"16":8,"17":8,"18":2,"19":2,"20":1,"21":1,"22":8,"23":8,"24":1,"25":1,"26":8,"27":8,"28":1,"29":1,"30":8},"f":{"0":1,"1":2,"2":2,"3":2,"4":1,"5":1},"b":{"0":[1,0],"1":[1,1],"2":[2,2]}}
,"C:\\Users\\Ryan\\Desktop\\Teach2give\\event_ticketing_system\\backend\\src\\customer_support\\support.controller.ts": {"path":"C:\\Users\\Ryan\\Desktop\\Teach2give\\event_ticketing_system\\backend\\src\\customer_support\\support.controller.ts","statementMap":{"0":{"start":{"line":2,"column":0},"end":{"line":2,"column":58}},"1":{"start":{"line":5,"column":46},"end":{"line":15,"column":1}},"2":{"start":{"line":6,"column":2},"end":{"line":14,"column":3}},"3":{"start":{"line":7,"column":27},"end":{"line":7,"column":76}},"4":{"start":{"line":8,"column":4},"end":{"line":8,"column":null}},"5":{"start":{"line":9,"column":4},"end":{"line":9,"column":11}},"6":{"start":{"line":11,"column":4},"end":{"line":11,"column":null}},"7":{"start":{"line":12,"column":4},"end":{"line":12,"column":null}},"8":{"start":{"line":13,"column":4},"end":{"line":13,"column":11}},"9":{"start":{"line":5,"column":13},"end":{"line":5,"column":46}},"10":{"start":{"line":18,"column":46},"end":{"line":41,"column":1}},"11":{"start":{"line":19,"column":2},"end":{"line":40,"column":3}},"12":{"start":{"line":20,"column":15},"end":{"line":20,"column":38}},"13":{"start":{"line":22,"column":4},"end":{"line":25,"column":5}},"14":{"start":{"line":23,"column":7},"end":{"line":23,"column":55}},"15":{"start":{"line":24,"column":6},"end":{"line":24,"column":13}},"16":{"start":{"line":27,"column":26},"end":{"line":27,"column":77}},"17":{"start":{"line":29,"column":4},"end":{"line":32,"column":5}},"18":{"start":{"line":30,"column":6},"end":{"line":30,"column":68}},"19":{"start":{"line":31,"column":6},"end":{"line":31,"column":13}},"20":{"start":{"line":34,"column":4},"end":{"line":34,"column":50}},"21":{"start":{"line":36,"column":4},"end":{"line":36,"column":11}},"22":{"start":{"line":38,"column":5},"end":{"line":38,"column":null}},"23":{"start":{"line":39,"column":4},"end":{"line":39,"column":11}},"24":{"start":{"line":18,"column":13},"end":{"line":18,"column":46}},"25":{"start":{"line":44,"column":45},"end":{"line":59,"column":1}},"26":{"start":{"line":45,"column":2},"end":{"line":58,"column":3}},"27":{"start":{"line":46,"column":26},"end":{"line":46,"column":82}},"28":{"start":{"line":48,"column":4},"end":{"line":51,"column":5}},"29":{"start":{"line":49,"column":6},"end":{"line":49,"column":70}},"30":{"start":{"line":50,"column":6},"end":{"line":50,"column":13}},"31":{"start":{"line":52,"column":4},"end":{"line":52,"column":92}},"32":{"start":{"line":53,"column":4},"end":{"line":53,"column":11}},"33":{"start":{"line":55,"column":4},"end":{"line":55,"column":57}},"34":{"start":{"line":56,"column":5},"end":{"line":56,"column":79}},"35":{"start":{"line":57,"column":4},"end":{"line":57,"column":11}},"36":{"start":{"line":44,"column":13},"end":{"line":44,"column":45}},"37":{"start":{"line":62,"column":45},"end":{"line":82,"column":1}},"38":{"start":{"line":63,"column":2},"end":{"line":81,"column":3}},"39":{"start":{"line":64,"column":15},"end":{"line":64,"column":38}},"40":{"start":{"line":66,"column":4},"end":{"line":69,"column":5}},"41":{"start":{"line":67,"column":6},"end":{"line":67,"column":54}},"42":{"start":{"line":68,"column":6},"end":{"line":68,"column":13}},"43":{"start":{"line":71,"column":20},"end":{"line":71,"column":80}},"44":{"start":{"line":72,"column":4},"end":{"line":74,"column":5}},"45":{"start":{"line":73,"column":6},"end":{"line":73,"column":75}},"46":{"start":{"line":75,"column":4},"end":{"line":75,"column":101}},"47":{"start":{"line":76,"column":4},"end":{"line":76,"column":11}},"48":{"start":{"line":78,"column":4},"end":{"line":78,"column":57}},"49":{"start":{"line":79,"column":4},"end":{"line":79,"column":78}},"50":{"start":{"line":80,"column":4},"end":{"line":80,"column":11}},"51":{"start":{"line":62,"column":13},"end":{"line":62,"column":45}},"52":{"start":{"line":85,"column":45},"end":{"line":102,"column":1}},"53":{"start":{"line":86,"column":2},"end":{"line":101,"column":3}},"54":{"start":{"line":87,"column":15},"end":{"line":87,"column":42}},"55":{"start":{"line":89,"column":4},"end":{"line":92,"column":5}},"56":{"start":{"line":90,"column":6},"end":{"line":90,"column":54}},"57":{"start":{"line":91,"column":6},"end":{"line":91,"column":13}},"58":{"start":{"line":94,"column":4},"end":{"line":94,"column":55}},"59":{"start":{"line":95,"column":4},"end":{"line":95,"column":27}},"60":{"start":{"line":96,"column":4},"end":{"line":96,"column":11}},"61":{"start":{"line":98,"column":4},"end":{"line":98,"column":57}},"62":{"start":{"line":99,"column":4},"end":{"line":99,"column":78}},"63":{"start":{"line":100,"column":4},"end":{"line":100,"column":11}},"64":{"start":{"line":85,"column":13},"end":{"line":85,"column":45}},"65":{"start":{"line":105,"column":51},"end":{"line":128,"column":1}},"66":{"start":{"line":106,"column":2},"end":{"line":127,"column":3}},"67":{"start":{"line":107,"column":19},"end":{"line":107,"column":44}},"68":{"start":{"line":109,"column":4},"end":{"line":112,"column":5}},"69":{"start":{"line":110,"column":6},"end":{"line":110,"column":57}},"70":{"start":{"line":111,"column":6},"end":{"line":111,"column":13}},"71":{"start":{"line":114,"column":27},"end":{"line":114,"column":86}},"72":{"start":{"line":116,"column":4},"end":{"line":119,"column":5}},"73":{"start":{"line":117,"column":6},"end":{"line":117,"column":83}},"74":{"start":{"line":118,"column":6},"end":{"line":118,"column":13}},"75":{"start":{"line":121,"column":4},"end":{"line":121,"column":51}},"76":{"start":{"line":122,"column":4},"end":{"line":122,"column":11}},"77":{"start":{"line":124,"column":4},"end":{"line":124,"column":69}},"78":{"start":{"line":125,"column":4},"end":{"line":125,"column":78}},"79":{"start":{"line":126,"column":4},"end":{"line":126,"column":11}},"80":{"start":{"line":105,"column":13},"end":{"line":105,"column":51}}},"fnMap":{"0":{"name":"(anonymous_9)","decl":{"start":{"line":5,"column":46},"end":{"line":5,"column":51}},"loc":{"start":{"line":5,"column":85},"end":{"line":15,"column":1}}},"1":{"name":"(anonymous_10)","decl":{"start":{"line":18,"column":46},"end":{"line":18,"column":51}},"loc":{"start":{"line":18,"column":84},"end":{"line":41,"column":1}}},"2":{"name":"(anonymous_11)","decl":{"start":{"line":44,"column":45},"end":{"line":44,"column":50}},"loc":{"start":{"line":44,"column":83},"end":{"line":59,"column":1}}},"3":{"name":"(anonymous_12)","decl":{"start":{"line":62,"column":45},"end":{"line":62,"column":50}},"loc":{"start":{"line":62,"column":83},"end":{"line":82,"column":1}}},"4":{"name":"(anonymous_13)","decl":{"start":{"line":85,"column":45},"end":{"line":85,"column":50}},"loc":{"start":{"line":85,"column":83},"end":{"line":102,"column":1}}},"5":{"name":"(anonymous_14)","decl":{"start":{"line":105,"column":51},"end":{"line":105,"column":56}},"loc":{"start":{"line":105,"column":89},"end":{"line":128,"column":1}}}},"branchMap":{"0":{"loc":{"start":{"line":12,"column":34},"end":{"line":12,"column":74}},"type":"binary-expr","locations":[{"start":{"line":12,"column":34},"end":{"line":12,"column":47}},{"start":{"line":12,"column":51},"end":{"line":12,"column":74}}]},"1":{"loc":{"start":{"line":22,"column":4},"end":{"line":25,"column":5}},"type":"if","locations":[{"start":{"line":22,"column":4},"end":{"line":25,"column":5}},{"start":{},"end":{}}]},"2":{"loc":{"start":{"line":29,"column":4},"end":{"line":32,"column":5}},"type":"if","locations":[{"start":{"line":29,"column":4},"end":{"line":32,"column":5}},{"start":{},"end":{}}]},"3":{"loc":{"start":{"line":48,"column":4},"end":{"line":51,"column":5}},"type":"if","locations":[{"start":{"line":48,"column":4},"end":{"line":51,"column":5}},{"start":{},"end":{}}]},"4":{"loc":{"start":{"line":56,"column":35},"end":{"line":56,"column":75}},"type":"binary-expr","locations":[{"start":{"line":56,"column":35},"end":{"line":56,"column":48}},{"start":{"line":56,"column":52},"end":{"line":56,"column":75}}]},"5":{"loc":{"start":{"line":66,"column":4},"end":{"line":69,"column":5}},"type":"if","locations":[{"start":{"line":66,"column":4},"end":{"line":69,"column":5}},{"start":{},"end":{}}]},"6":{"loc":{"start":{"line":72,"column":4},"end":{"line":74,"column":5}},"type":"if","locations":[{"start":{"line":72,"column":4},"end":{"line":74,"column":5}},{"start":{},"end":{}}]},"7":{"loc":{"start":{"line":79,"column":34},"end":{"line":79,"column":74}},"type":"binary-expr","locations":[{"start":{"line":79,"column":34},"end":{"line":79,"column":47}},{"start":{"line":79,"column":51},"end":{"line":79,"column":74}}]},"8":{"loc":{"start":{"line":89,"column":4},"end":{"line":92,"column":5}},"type":"if","locations":[{"start":{"line":89,"column":4},"end":{"line":92,"column":5}},{"start":{},"end":{}}]},"9":{"loc":{"start":{"line":99,"column":34},"end":{"line":99,"column":74}},"type":"binary-expr","locations":[{"start":{"line":99,"column":34},"end":{"line":99,"column":47}},{"start":{"line":99,"column":51},"end":{"line":99,"column":74}}]},"10":{"loc":{"start":{"line":109,"column":4},"end":{"line":112,"column":5}},"type":"if","locations":[{"start":{"line":109,"column":4},"end":{"line":112,"column":5}},{"start":{},"end":{}}]},"11":{"loc":{"start":{"line":116,"column":4},"end":{"line":119,"column":5}},"type":"if","locations":[{"start":{"line":116,"column":4},"end":{"line":119,"column":5}},{"start":{},"end":{}}]},"12":{"loc":{"start":{"line":116,"column":8},"end":{"line":116,"column":54}},"type":"binary-expr","locations":[{"start":{"line":116,"column":8},"end":{"line":116,"column":23}},{"start":{"line":116,"column":27},"end":{"line":116,"column":54}}]},"13":{"loc":{"start":{"line":125,"column":34},"end":{"line":125,"column":74}},"type":"binary-expr","locations":[{"start":{"line":125,"column":34},"end":{"line":125,"column":47}},{"start":{"line":125,"column":51},"end":{"line":125,"column":74}}]}},"s":{"0":8,"1":8,"2":2,"3":2,"4":1,"5":1,"6":1,"7":1,"8":1,"9":8,"10":8,"11":4,"12":4,"13":4,"14":2,"15":2,"16":2,"17":1,"18":1,"19":1,"20":0,"21":0,"22":1,"23":1,"24":8,"25":8,"26":4,"27":4,"28":1,"29":1,"30":1,"31":0,"32":0,"33":3,"34":3,"35":3,"36":8,"37":8,"38":4,"39":4,"40":4,"41":3,"42":3,"43":1,"44":1,"45":1,"46":0,"47":0,"48":0,"49":0,"50":0,"51":8,"52":8,"53":3,"54":3,"55":3,"56":2,"57":2,"58":1,"59":0,"60":0,"61":1,"62":1,"63":1,"64":8,"65":8,"66":4,"67":4,"68":4,"69":1,"70":1,"71":3,"72":2,"73":2,"74":2,"75":0,"76":0,"77":1,"78":1,"79":1,"80":8},"f":{"0":2,"1":4,"2":4,"3":4,"4":3,"5":4},"b":{"0":[1,0],"1":[2,2],"2":[1,0],"3":[1,0],"4":[3,0],"5":[3,1],"6":[1,0],"7":[0,0],"8":[2,1],"9":[1,0],"10":[1,3],"11":[2,0],"12":[2,2],"13":[1,0]}}
,"C:\\Users\\Ryan\\Desktop\\Teach2give\\event_ticketing_system\\backend\\src\\customer_support\\support.router.ts": {"path":"C:\\Users\\Ryan\\Desktop\\Teach2give\\event_ticketing_system\\backend\\src\\customer_support\\support.router.ts","statementMap":{"0":{"start":{"line":2,"column":0},"end":{"line":2,"column":null}},"1":{"start":{"line":9,"column":22},"end":{"line":75,"column":1}},"2":{"start":{"line":11,"column":4},"end":{"line":19,"column":null}},"3":{"start":{"line":13,"column":12},"end":{"line":17,"column":13}},"4":{"start":{"line":14,"column":16},"end":{"line":14,"column":null}},"5":{"start":{"line":16,"column":16},"end":{"line":16,"column":null}},"6":{"start":{"line":22,"column":4},"end":{"line":30,"column":null}},"7":{"start":{"line":24,"column":12},"end":{"line":28,"column":13}},"8":{"start":{"line":25,"column":16},"end":{"line":25,"column":null}},"9":{"start":{"line":27,"column":16},"end":{"line":27,"column":null}},"10":{"start":{"line":33,"column":4},"end":{"line":41,"column":null}},"11":{"start":{"line":35,"column":12},"end":{"line":39,"column":13}},"12":{"start":{"line":36,"column":16},"end":{"line":36,"column":null}},"13":{"start":{"line":38,"column":16},"end":{"line":38,"column":null}},"14":{"start":{"line":44,"column":4},"end":{"line":52,"column":null}},"15":{"start":{"line":46,"column":12},"end":{"line":50,"column":13}},"16":{"start":{"line":47,"column":16},"end":{"line":47,"column":null}},"17":{"start":{"line":49,"column":16},"end":{"line":49,"column":null}},"18":{"start":{"line":55,"column":4},"end":{"line":63,"column":null}},"19":{"start":{"line":57,"column":12},"end":{"line":61,"column":13}},"20":{"start":{"line":58,"column":16},"end":{"line":58,"column":null}},"21":{"start":{"line":60,"column":16},"end":{"line":60,"column":null}},"22":{"start":{"line":66,"column":12},"end":{"line":74,"column":7}},"23":{"start":{"line":68,"column":16},"end":{"line":72,"column":14}},"24":{"start":{"line":69,"column":16},"end":{"line":69,"column":68}},"25":{"start":{"line":71,"column":16},"end":{"line":71,"column":28}},"26":{"start":{"line":78,"column":0},"end":{"line":78,"column":29}}},"fnMap":{"0":{"name":"(anonymous_0)","decl":{"start":{"line":9,"column":22},"end":{"line":9,"column":23}},"loc":{"start":{"line":9,"column":39},"end":{"line":75,"column":1}}},"1":{"name":"(anonymous_1)","decl":{"start":{"line":12,"column":8},"end":{"line":12,"column":13}},"loc":{"start":{"line":12,"column":33},"end":{"line":18,"column":9}}},"2":{"name":"(anonymous_2)","decl":{"start":{"line":23,"column":8},"end":{"line":23,"column":13}},"loc":{"start":{"line":23,"column":33},"end":{"line":29,"column":9}}},"3":{"name":"(anonymous_3)","decl":{"start":{"line":34,"column":8},"end":{"line":34,"column":13}},"loc":{"start":{"line":34,"column":33},"end":{"line":40,"column":9}}},"4":{"name":"(anonymous_4)","decl":{"start":{"line":45,"column":8},"end":{"line":45,"column":13}},"loc":{"start":{"line":45,"column":33},"end":{"line":51,"column":9}}},"5":{"name":"(anonymous_5)","decl":{"start":{"line":56,"column":8},"end":{"line":56,"column":13}},"loc":{"start":{"line":56,"column":33},"end":{"line":62,"column":9}}},"6":{"name":"(anonymous_6)","decl":{"start":{"line":67,"column":12},"end":{"line":67,"column":17}},"loc":{"start":{"line":67,"column":37},"end":{"line":73,"column":9}}}},"branchMap":{},"s":{"0":8,"1":8,"2":8,"3":4,"4":4,"5":0,"6":8,"7":2,"8":2,"9":0,"10":8,"11":4,"12":4,"13":0,"14":8,"15":4,"16":4,"17":0,"18":8,"19":3,"20":3,"21":0,"22":8,"23":4,"24":4,"25":0,"26":8},"f":{"0":8,"1":4,"2":2,"3":4,"4":4,"5":3,"6":4},"b":{}}
,"C:\\Users\\Ryan\\Desktop\\Teach2give\\event_ticketing_system\\backend\\src\\customer_support\\support.service.ts": {"path":"C:\\Users\\Ryan\\Desktop\\Teach2give\\event_ticketing_system\\backend\\src\\customer_support\\support.service.ts","statementMap":{"0":{"start":{"line":1,"column":0},"end":{"line":1,"column":31}},"1":{"start":{"line":2,"column":0},"end":{"line":2,"column":64}},"2":{"start":{"line":3,"column":0},"end":{"line":3,"column":33}},"3":{"start":{"line":7,"column":36},"end":{"line":10,"column":1}},"4":{"start":{"line":8,"column":25},"end":{"line":8,"column":78}},"5":{"start":{"line":9,"column":4},"end":{"line":9,"column":26}},"6":{"start":{"line":7,"column":13},"end":{"line":7,"column":36}},"7":{"start":{"line":13,"column":36},"end":{"line":18,"column":1}},"8":{"start":{"line":14,"column":25},"end":{"line":16,"column":4}},"9":{"start":{"line":17,"column":2},"end":{"line":17,"column":null}},"10":{"start":{"line":13,"column":13},"end":{"line":13,"column":36}},"11":{"start":{"line":21,"column":35},"end":{"line":27,"column":1}},"12":{"start":{"line":22,"column":23},"end":{"line":22,"column":101}},"13":{"start":{"line":23,"column":4},"end":{"line":25,"column":5}},"14":{"start":{"line":24,"column":8},"end":{"line":24,"column":null}},"15":{"start":{"line":26,"column":4},"end":{"line":26,"column":null}},"16":{"start":{"line":21,"column":13},"end":{"line":21,"column":35}},"17":{"start":{"line":30,"column":36},"end":{"line":42,"column":1}},"18":{"start":{"line":31,"column":20},"end":{"line":35,"column":16}},"19":{"start":{"line":37,"column":4},"end":{"line":39,"column":5}},"20":{"start":{"line":38,"column":8},"end":{"line":38,"column":20}},"21":{"start":{"line":41,"column":4},"end":{"line":41,"column":22}},"22":{"start":{"line":30,"column":13},"end":{"line":30,"column":36}},"23":{"start":{"line":45,"column":35},"end":{"line":48,"column":1}},"24":{"start":{"line":46,"column":2},"end":{"line":46,"column":null}},"25":{"start":{"line":47,"column":2},"end":{"line":47,"column":47}},"26":{"start":{"line":45,"column":13},"end":{"line":45,"column":35}},"27":{"start":{"line":51,"column":40},"end":{"line":56,"column":1}},"28":{"start":{"line":52,"column":25},"end":{"line":54,"column":4}},"29":{"start":{"line":55,"column":2},"end":{"line":55,"column":24}},"30":{"start":{"line":51,"column":13},"end":{"line":51,"column":40}}},"fnMap":{"0":{"name":"(anonymous_1)","decl":{"start":{"line":7,"column":36},"end":{"line":7,"column":41}},"loc":{"start":{"line":7,"column":47},"end":{"line":10,"column":1}}},"1":{"name":"(anonymous_2)","decl":{"start":{"line":13,"column":36},"end":{"line":13,"column":41}},"loc":{"start":{"line":13,"column":57},"end":{"line":18,"column":1}}},"2":{"name":"(anonymous_3)","decl":{"start":{"line":21,"column":35},"end":{"line":21,"column":40}},"loc":{"start":{"line":21,"column":76},"end":{"line":27,"column":1}}},"3":{"name":"(anonymous_4)","decl":{"start":{"line":30,"column":36},"end":{"line":30,"column":41}},"loc":{"start":{"line":30,"column":89},"end":{"line":42,"column":1}}},"4":{"name":"(anonymous_5)","decl":{"start":{"line":45,"column":35},"end":{"line":45,"column":40}},"loc":{"start":{"line":45,"column":56},"end":{"line":48,"column":1}}},"5":{"name":"(anonymous_6)","decl":{"start":{"line":51,"column":40},"end":{"line":51,"column":45}},"loc":{"start":{"line":51,"column":65},"end":{"line":56,"column":1}}}},"branchMap":{"0":{"loc":{"start":{"line":23,"column":4},"end":{"line":25,"column":5}},"type":"if","locations":[{"start":{"line":23,"column":4},"end":{"line":25,"column":5}},{"start":{},"end":{}}]},"1":{"loc":{"start":{"line":37,"column":4},"end":{"line":39,"column":5}},"type":"if","locations":[{"start":{"line":37,"column":4},"end":{"line":39,"column":5}},{"start":{},"end":{}}]},"2":{"loc":{"start":{"line":37,"column":8},"end":{"line":37,"column":40}},"type":"binary-expr","locations":[{"start":{"line":37,"column":8},"end":{"line":37,"column":16}},{"start":{"line":37,"column":20},"end":{"line":37,"column":40}}]}},"s":{"0":8,"1":8,"2":8,"3":8,"4":1,"5":1,"6":8,"7":8,"8":1,"9":1,"10":8,"11":8,"12":2,"13":0,"14":0,"15":0,"16":8,"17":8,"18":1,"19":1,"20":1,"21":0,"22":8,"23":8,"24":0,"25":0,"26":8,"27":8,"28":1,"29":1,"30":8},"f":{"0":1,"1":1,"2":2,"3":1,"4":0,"5":1},"b":{"0":[0,0],"1":[1,0],"2":[1,1]}}
,"C:\\Users\\Ryan\\Desktop\\Teach2give\\event_ticketing_system\\backend\\src\\events\\event.controller.ts": {"path":"C:\\Users\\Ryan\\Desktop\\Teach2give\\event_ticketing_system\\backend\\src\\events\\event.controller.ts","statementMap":{"0":{"start":{"line":2,"column":0},"end":{"line":2,"column":48}},"1":{"start":{"line":5,"column":38},"end":{"line":15,"column":1}},"2":{"start":{"line":6,"column":2},"end":{"line":14,"column":3}},"3":{"start":{"line":7,"column":19},"end":{"line":7,"column":52}},"4":{"start":{"line":8,"column":4},"end":{"line":8,"column":null}},"5":{"start":{"line":9,"column":4},"end":{"line":9,"column":11}},"6":{"start":{"line":11,"column":4},"end":{"line":11,"column":null}},"7":{"start":{"line":12,"column":4},"end":{"line":12,"column":null}},"8":{"start":{"line":13,"column":4},"end":{"line":13,"column":11}},"9":{"start":{"line":5,"column":13},"end":{"line":5,"column":38}},"10":{"start":{"line":18,"column":38},"end":{"line":41,"column":1}},"11":{"start":{"line":19,"column":2},"end":{"line":40,"column":3}},"12":{"start":{"line":20,"column":15},"end":{"line":20,"column":38}},"13":{"start":{"line":22,"column":4},"end":{"line":25,"column":5}},"14":{"start":{"line":23,"column":7},"end":{"line":23,"column":55}},"15":{"start":{"line":24,"column":6},"end":{"line":24,"column":13}},"16":{"start":{"line":27,"column":18},"end":{"line":27,"column":53}},"17":{"start":{"line":29,"column":4},"end":{"line":32,"column":5}},"18":{"start":{"line":30,"column":6},"end":{"line":30,"column":59}},"19":{"start":{"line":31,"column":6},"end":{"line":31,"column":13}},"20":{"start":{"line":34,"column":4},"end":{"line":34,"column":42}},"21":{"start":{"line":36,"column":4},"end":{"line":36,"column":11}},"22":{"start":{"line":38,"column":5},"end":{"line":38,"column":null}},"23":{"start":{"line":39,"column":4},"end":{"line":39,"column":11}},"24":{"start":{"line":18,"column":13},"end":{"line":18,"column":38}},"25":{"start":{"line":44,"column":37},"end":{"line":66,"column":1}},"26":{"start":{"line":45,"column":2},"end":{"line":65,"column":3}},"27":{"start":{"line":46,"column":17},"end":{"line":46,"column":25}},"28":{"start":{"line":49,"column":4},"end":{"line":49,"column":66}},"29":{"start":{"line":49,"column":24},"end":{"line":49,"column":66}},"30":{"start":{"line":50,"column":4},"end":{"line":50,"column":66}},"31":{"start":{"line":50,"column":24},"end":{"line":50,"column":66}},"32":{"start":{"line":51,"column":4},"end":{"line":51,"column":60}},"33":{"start":{"line":51,"column":22},"end":{"line":51,"column":60}},"34":{"start":{"line":53,"column":18},"end":{"line":53,"column":54}},"35":{"start":{"line":55,"column":4},"end":{"line":58,"column":5}},"36":{"start":{"line":56,"column":6},"end":{"line":56,"column":61}},"37":{"start":{"line":57,"column":6},"end":{"line":57,"column":13}},"38":{"start":{"line":59,"column":4},"end":{"line":59,"column":75}},"39":{"start":{"line":60,"column":4},"end":{"line":60,"column":11}},"40":{"start":{"line":62,"column":4},"end":{"line":62,"column":48}},"41":{"start":{"line":63,"column":5},"end":{"line":63,"column":79}},"42":{"start":{"line":64,"column":4},"end":{"line":64,"column":11}},"43":{"start":{"line":44,"column":13},"end":{"line":44,"column":37}},"44":{"start":{"line":69,"column":37},"end":{"line":98,"column":1}},"45":{"start":{"line":70,"column":2},"end":{"line":97,"column":3}},"46":{"start":{"line":71,"column":15},"end":{"line":71,"column":38}},"47":{"start":{"line":73,"column":4},"end":{"line":76,"column":5}},"48":{"start":{"line":74,"column":6},"end":{"line":74,"column":54}},"49":{"start":{"line":75,"column":6},"end":{"line":75,"column":13}},"50":{"start":{"line":78,"column":17},"end":{"line":78,"column":25}},"51":{"start":{"line":81,"column":4},"end":{"line":81,"column":66}},"52":{"start":{"line":81,"column":24},"end":{"line":81,"column":66}},"53":{"start":{"line":82,"column":4},"end":{"line":82,"column":66}},"54":{"start":{"line":82,"column":24},"end":{"line":82,"column":66}},"55":{"start":{"line":83,"column":4},"end":{"line":83,"column":60}},"56":{"start":{"line":83,"column":22},"end":{"line":83,"column":60}},"57":{"start":{"line":84,"column":4},"end":{"line":84,"column":66}},"58":{"start":{"line":84,"column":24},"end":{"line":84,"column":66}},"59":{"start":{"line":85,"column":4},"end":{"line":85,"column":66}},"60":{"start":{"line":85,"column":24},"end":{"line":85,"column":66}},"61":{"start":{"line":87,"column":20},"end":{"line":87,"column":60}},"62":{"start":{"line":88,"column":4},"end":{"line":90,"column":5}},"63":{"start":{"line":89,"column":6},"end":{"line":89,"column":66}},"64":{"start":{"line":91,"column":4},"end":{"line":91,"column":84}},"65":{"start":{"line":92,"column":4},"end":{"line":92,"column":11}},"66":{"start":{"line":94,"column":4},"end":{"line":94,"column":48}},"67":{"start":{"line":95,"column":4},"end":{"line":95,"column":78}},"68":{"start":{"line":96,"column":4},"end":{"line":96,"column":11}},"69":{"start":{"line":69,"column":13},"end":{"line":69,"column":37}},"70":{"start":{"line":101,"column":37},"end":{"line":118,"column":1}},"71":{"start":{"line":102,"column":2},"end":{"line":117,"column":3}},"72":{"start":{"line":103,"column":15},"end":{"line":103,"column":42}},"73":{"start":{"line":105,"column":4},"end":{"line":108,"column":5}},"74":{"start":{"line":106,"column":6},"end":{"line":106,"column":54}},"75":{"start":{"line":107,"column":6},"end":{"line":107,"column":13}},"76":{"start":{"line":110,"column":4},"end":{"line":110,"column":39}},"77":{"start":{"line":111,"column":4},"end":{"line":111,"column":27}},"78":{"start":{"line":112,"column":4},"end":{"line":112,"column":11}},"79":{"start":{"line":114,"column":4},"end":{"line":114,"column":48}},"80":{"start":{"line":115,"column":4},"end":{"line":115,"column":78}},"81":{"start":{"line":116,"column":4},"end":{"line":116,"column":11}},"82":{"start":{"line":101,"column":13},"end":{"line":101,"column":37}}},"fnMap":{"0":{"name":"(anonymous_9)","decl":{"start":{"line":5,"column":38},"end":{"line":5,"column":43}},"loc":{"start":{"line":5,"column":77},"end":{"line":15,"column":1}}},"1":{"name":"(anonymous_10)","decl":{"start":{"line":18,"column":38},"end":{"line":18,"column":43}},"loc":{"start":{"line":18,"column":76},"end":{"line":41,"column":1}}},"2":{"name":"(anonymous_11)","decl":{"start":{"line":44,"column":37},"end":{"line":44,"column":42}},"loc":{"start":{"line":44,"column":75},"end":{"line":66,"column":1}}},"3":{"name":"(anonymous_12)","decl":{"start":{"line":69,"column":37},"end":{"line":69,"column":42}},"loc":{"start":{"line":69,"column":75},"end":{"line":98,"column":1}}},"4":{"name":"(anonymous_13)","decl":{"start":{"line":101,"column":37},"end":{"line":101,"column":42}},"loc":{"start":{"line":101,"column":75},"end":{"line":118,"column":1}}}},"branchMap":{"0":{"loc":{"start":{"line":12,"column":34},"end":{"line":12,"column":74}},"type":"binary-expr","locations":[{"start":{"line":12,"column":34},"end":{"line":12,"column":47}},{"start":{"line":12,"column":51},"end":{"line":12,"column":74}}]},"1":{"loc":{"start":{"line":22,"column":4},"end":{"line":25,"column":5}},"type":"if","locations":[{"start":{"line":22,"column":4},"end":{"line":25,"column":5}},{"start":{},"end":{}}]},"2":{"loc":{"start":{"line":29,"column":4},"end":{"line":32,"column":5}},"type":"if","locations":[{"start":{"line":29,"column":4},"end":{"line":32,"column":5}},{"start":{},"end":{}}]},"3":{"loc":{"start":{"line":49,"column":4},"end":{"line":49,"column":66}},"type":"if","locations":[{"start":{"line":49,"column":4},"end":{"line":49,"column":66}},{"start":{},"end":{}}]},"4":{"loc":{"start":{"line":50,"column":4},"end":{"line":50,"column":66}},"type":"if","locations":[{"start":{"line":50,"column":4},"end":{"line":50,"column":66}},{"start":{},"end":{}}]},"5":{"loc":{"start":{"line":51,"column":4},"end":{"line":51,"column":60}},"type":"if","locations":[{"start":{"line":51,"column":4},"end":{"line":51,"column":60}},{"start":{},"end":{}}]},"6":{"loc":{"start":{"line":55,"column":4},"end":{"line":58,"column":5}},"type":"if","locations":[{"start":{"line":55,"column":4},"end":{"line":58,"column":5}},{"start":{},"end":{}}]},"7":{"loc":{"start":{"line":63,"column":35},"end":{"line":63,"column":75}},"type":"binary-expr","locations":[{"start":{"line":63,"column":35},"end":{"line":63,"column":48}},{"start":{"line":63,"column":52},"end":{"line":63,"column":75}}]},"8":{"loc":{"start":{"line":73,"column":4},"end":{"line":76,"column":5}},"type":"if","locations":[{"start":{"line":73,"column":4},"end":{"line":76,"column":5}},{"start":{},"end":{}}]},"9":{"loc":{"start":{"line":81,"column":4},"end":{"line":81,"column":66}},"type":"if","locations":[{"start":{"line":81,"column":4},"end":{"line":81,"column":66}},{"start":{},"end":{}}]},"10":{"loc":{"start":{"line":82,"column":4},"end":{"line":82,"column":66}},"type":"if","locations":[{"start":{"line":82,"column":4},"end":{"line":82,"column":66}},{"start":{},"end":{}}]},"11":{"loc":{"start":{"line":83,"column":4},"end":{"line":83,"column":60}},"type":"if","locations":[{"start":{"line":83,"column":4},"end":{"line":83,"column":60}},{"start":{},"end":{}}]},"12":{"loc":{"start":{"line":84,"column":4},"end":{"line":84,"column":66}},"type":"if","locations":[{"start":{"line":84,"column":4},"end":{"line":84,"column":66}},{"start":{},"end":{}}]},"13":{"loc":{"start":{"line":85,"column":4},"end":{"line":85,"column":66}},"type":"if","locations":[{"start":{"line":85,"column":4},"end":{"line":85,"column":66}},{"start":{},"end":{}}]},"14":{"loc":{"start":{"line":88,"column":4},"end":{"line":90,"column":5}},"type":"if","locations":[{"start":{"line":88,"column":4},"end":{"line":90,"column":5}},{"start":{},"end":{}}]},"15":{"loc":{"start":{"line":95,"column":34},"end":{"line":95,"column":74}},"type":"binary-expr","locations":[{"start":{"line":95,"column":34},"end":{"line":95,"column":47}},{"start":{"line":95,"column":51},"end":{"line":95,"column":74}}]},"16":{"loc":{"start":{"line":105,"column":4},"end":{"line":108,"column":5}},"type":"if","locations":[{"start":{"line":105,"column":4},"end":{"line":108,"column":5}},{"start":{},"end":{}}]},"17":{"loc":{"start":{"line":115,"column":34},"end":{"line":115,"column":74}},"type":"binary-expr","locations":[{"start":{"line":115,"column":34},"end":{"line":115,"column":47}},{"start":{"line":115,"column":51},"end":{"line":115,"column":74}}]}},"s":{"0":8,"1":8,"2":2,"3":2,"4":1,"5":1,"6":1,"7":1,"8":1,"9":8,"10":8,"11":4,"12":4,"13":4,"14":1,"15":1,"16":3,"17":2,"18":1,"19":1,"20":1,"21":1,"22":1,"23":1,"24":8,"25":8,"26":4,"27":4,"28":4,"29":3,"30":4,"31":3,"32":4,"33":3,"34":4,"35":2,"36":1,"37":1,"38":1,"39":1,"40":2,"41":2,"42":2,"43":8,"44":8,"45":4,"46":4,"47":4,"48":1,"49":1,"50":3,"51":3,"52":0,"53":3,"54":0,"55":3,"56":0,"57":3,"58":0,"59":3,"60":0,"61":3,"62":2,"63":1,"64":1,"65":1,"66":1,"67":1,"68":1,"69":8,"70":8,"71":3,"72":3,"73":3,"74":1,"75":1,"76":2,"77":1,"78":1,"79":1,"80":1,"81":1,"82":8},"f":{"0":2,"1":4,"2":4,"3":4,"4":3},"b":{"0":[1,0],"1":[1,3],"2":[1,1],"3":[3,1],"4":[3,1],"5":[3,1],"6":[1,1],"7":[2,0],"8":[1,3],"9":[0,3],"10":[0,3],"11":[0,3],"12":[0,3],"13":[0,3],"14":[1,1],"15":[1,0],"16":[1,2],"17":[1,0]}}
,"C:\\Users\\Ryan\\Desktop\\Teach2give\\event_ticketing_system\\backend\\src\\events\\event.router.ts": {"path":"C:\\Users\\Ryan\\Desktop\\Teach2give\\event_ticketing_system\\backend\\src\\events\\event.router.ts","statementMap":{"0":{"start":{"line":2,"column":0},"end":{"line":2,"column":null}},"1":{"start":{"line":8,"column":14},"end":{"line":63,"column":1}},"2":{"start":{"line":10,"column":4},"end":{"line":18,"column":null}},"3":{"start":{"line":12,"column":12},"end":{"line":16,"column":13}},"4":{"start":{"line":13,"column":16},"end":{"line":13,"column":null}},"5":{"start":{"line":15,"column":16},"end":{"line":15,"column":null}},"6":{"start":{"line":21,"column":4},"end":{"line":29,"column":null}},"7":{"start":{"line":23,"column":12},"end":{"line":27,"column":13}},"8":{"start":{"line":24,"column":16},"end":{"line":24,"column":null}},"9":{"start":{"line":26,"column":16},"end":{"line":26,"column":null}},"10":{"start":{"line":32,"column":4},"end":{"line":40,"column":null}},"11":{"start":{"line":34,"column":12},"end":{"line":38,"column":13}},"12":{"start":{"line":35,"column":16},"end":{"line":35,"column":null}},"13":{"start":{"line":37,"column":16},"end":{"line":37,"column":null}},"14":{"start":{"line":43,"column":4},"end":{"line":51,"column":null}},"15":{"start":{"line":45,"column":12},"end":{"line":49,"column":13}},"16":{"start":{"line":46,"column":16},"end":{"line":46,"column":null}},"17":{"start":{"line":48,"column":16},"end":{"line":48,"column":null}},"18":{"start":{"line":54,"column":4},"end":{"line":62,"column":null}},"19":{"start":{"line":56,"column":12},"end":{"line":60,"column":13}},"20":{"start":{"line":57,"column":16},"end":{"line":57,"column":null}},"21":{"start":{"line":59,"column":16},"end":{"line":59,"column":null}},"22":{"start":{"line":66,"column":0},"end":{"line":66,"column":21}}},"fnMap":{"0":{"name":"(anonymous_0)","decl":{"start":{"line":8,"column":14},"end":{"line":8,"column":15}},"loc":{"start":{"line":8,"column":31},"end":{"line":63,"column":1}}},"1":{"name":"(anonymous_1)","decl":{"start":{"line":11,"column":8},"end":{"line":11,"column":13}},"loc":{"start":{"line":11,"column":33},"end":{"line":17,"column":9}}},"2":{"name":"(anonymous_2)","decl":{"start":{"line":22,"column":8},"end":{"line":22,"column":13}},"loc":{"start":{"line":22,"column":33},"end":{"line":28,"column":9}}},"3":{"name":"(anonymous_3)","decl":{"start":{"line":33,"column":8},"end":{"line":33,"column":13}},"loc":{"start":{"line":33,"column":33},"end":{"line":39,"column":9}}},"4":{"name":"(anonymous_4)","decl":{"start":{"line":44,"column":8},"end":{"line":44,"column":13}},"loc":{"start":{"line":44,"column":33},"end":{"line":50,"column":9}}},"5":{"name":"(anonymous_5)","decl":{"start":{"line":55,"column":8},"end":{"line":55,"column":13}},"loc":{"start":{"line":55,"column":33},"end":{"line":61,"column":9}}}},"branchMap":{},"s":{"0":8,"1":8,"2":8,"3":4,"4":4,"5":0,"6":8,"7":2,"8":2,"9":0,"10":8,"11":4,"12":4,"13":0,"14":8,"15":4,"16":4,"17":0,"18":8,"19":3,"20":3,"21":0,"22":8},"f":{"0":8,"1":4,"2":2,"3":4,"4":4,"5":3},"b":{}}
,"C:\\Users\\Ryan\\Desktop\\Teach2give\\event_ticketing_system\\backend\\src\\events\\event.service.ts": {"path":"C:\\Users\\Ryan\\Desktop\\Teach2give\\event_ticketing_system\\backend\\src\\events\\event.service.ts","statementMap":{"0":{"start":{"line":1,"column":0},"end":{"line":1,"column":31}},"1":{"start":{"line":2,"column":0},"end":{"line":2,"column":48}},"2":{"start":{"line":3,"column":0},"end":{"line":3,"column":33}},"3":{"start":{"line":7,"column":28},"end":{"line":10,"column":1}},"4":{"start":{"line":8,"column":17},"end":{"line":8,"column":54}},"5":{"start":{"line":9,"column":4},"end":{"line":9,"column":18}},"6":{"start":{"line":7,"column":13},"end":{"line":7,"column":28}},"7":{"start":{"line":13,"column":28},"end":{"line":18,"column":1}},"8":{"start":{"line":14,"column":17},"end":{"line":16,"column":4}},"9":{"start":{"line":17,"column":2},"end":{"line":17,"column":null}},"10":{"start":{"line":13,"column":13},"end":{"line":13,"column":28}},"11":{"start":{"line":21,"column":27},"end":{"line":27,"column":1}},"12":{"start":{"line":22,"column":23},"end":{"line":22,"column":77}},"13":{"start":{"line":23,"column":4},"end":{"line":25,"column":5}},"14":{"start":{"line":24,"column":8},"end":{"line":24,"column":null}},"15":{"start":{"line":26,"column":4},"end":{"line":26,"column":null}},"16":{"start":{"line":21,"column":13},"end":{"line":21,"column":27}},"17":{"start":{"line":30,"column":28},"end":{"line":42,"column":1}},"18":{"start":{"line":31,"column":20},"end":{"line":35,"column":16}},"19":{"start":{"line":37,"column":4},"end":{"line":39,"column":5}},"20":{"start":{"line":38,"column":8},"end":{"line":38,"column":20}},"21":{"start":{"line":41,"column":4},"end":{"line":41,"column":22}},"22":{"start":{"line":30,"column":13},"end":{"line":30,"column":28}},"23":{"start":{"line":45,"column":27},"end":{"line":48,"column":1}},"24":{"start":{"line":46,"column":2},"end":{"line":46,"column":null}},"25":{"start":{"line":47,"column":2},"end":{"line":47,"column":38}},"26":{"start":{"line":45,"column":13},"end":{"line":45,"column":27}}},"fnMap":{"0":{"name":"(anonymous_1)","decl":{"start":{"line":7,"column":28},"end":{"line":7,"column":33}},"loc":{"start":{"line":7,"column":39},"end":{"line":10,"column":1}}},"1":{"name":"(anonymous_2)","decl":{"start":{"line":13,"column":28},"end":{"line":13,"column":33}},"loc":{"start":{"line":13,"column":49},"end":{"line":18,"column":1}}},"2":{"name":"(anonymous_3)","decl":{"start":{"line":21,"column":27},"end":{"line":21,"column":32}},"loc":{"start":{"line":21,"column":52},"end":{"line":27,"column":1}}},"3":{"name":"(anonymous_4)","decl":{"start":{"line":30,"column":28},"end":{"line":30,"column":33}},"loc":{"start":{"line":30,"column":65},"end":{"line":42,"column":1}}},"4":{"name":"(anonymous_5)","decl":{"start":{"line":45,"column":27},"end":{"line":45,"column":32}},"loc":{"start":{"line":45,"column":48},"end":{"line":48,"column":1}}}},"branchMap":{"0":{"loc":{"start":{"line":23,"column":4},"end":{"line":25,"column":5}},"type":"if","locations":[{"start":{"line":23,"column":4},"end":{"line":25,"column":5}},{"start":{},"end":{}}]},"1":{"loc":{"start":{"line":37,"column":4},"end":{"line":39,"column":5}},"type":"if","locations":[{"start":{"line":37,"column":4},"end":{"line":39,"column":5}},{"start":{},"end":{}}]},"2":{"loc":{"start":{"line":37,"column":8},"end":{"line":37,"column":40}},"type":"binary-expr","locations":[{"start":{"line":37,"column":8},"end":{"line":37,"column":16}},{"start":{"line":37,"column":20},"end":{"line":37,"column":40}}]}},"s":{"0":8,"1":8,"2":8,"3":8,"4":1,"5":1,"6":8,"7":8,"8":2,"9":2,"10":8,"11":8,"12":2,"13":1,"14":1,"15":0,"16":8,"17":8,"18":2,"19":2,"20":1,"21":1,"22":8,"23":8,"24":1,"25":1,"26":8},"f":{"0":1,"1":2,"2":2,"3":2,"4":1},"b":{"0":[1,0],"1":[1,1],"2":[2,2]}}
,"C:\\Users\\Ryan\\Desktop\\Teach2give\\event_ticketing_system\\backend\\src\\middleware\\bearAuth.ts": {"path":"C:\\Users\\Ryan\\Desktop\\Teach2give\\event_ticketing_system\\backend\\src\\middleware\\bearAuth.ts","statementMap":{"0":{"start":{"line":1,"column":0},"end":{"line":1,"column":42}},"1":{"start":{"line":2,"column":0},"end":{"line":2,"column":22}},"2":{"start":{"line":28,"column":26},"end":{"line":72,"column":1}},"3":{"start":{"line":29,"column":4},"end":{"line":71,"column":null}},"4":{"start":{"line":30,"column":27},"end":{"line":30,"column":52}},"5":{"start":{"line":32,"column":8},"end":{"line":35,"column":9}},"6":{"start":{"line":33,"column":12},"end":{"line":33,"column":62}},"7":{"start":{"line":34,"column":12},"end":{"line":34,"column":19}},"8":{"start":{"line":37,"column":22},"end":{"line":37,"column":46}},"9":{"start":{"line":39,"column":8},"end":{"line":69,"column":9}},"10":{"start":{"line":40,"column":28},"end":{"line":40,"column":79}},"11":{"start":{"line":41,"column":13},"end":{"line":41,"column":40}},"12":{"start":{"line":44,"column":12},"end":{"line":64,"column":13}},"13":{"start":{"line":49,"column":16},"end":{"line":58,"column":17}},"14":{"start":{"line":50,"column":20},"end":{"line":53,"column":21}},"15":{"start":{"line":51,"column":24},"end":{"line":51,"column":31}},"16":{"start":{"line":52,"column":24},"end":{"line":52,"column":31}},"17":{"start":{"line":55,"column":21},"end":{"line":58,"column":17}},"18":{"start":{"line":56,"column":20},"end":{"line":56,"column":27}},"19":{"start":{"line":57,"column":20},"end":{"line":57,"column":27}},"20":{"start":{"line":59,"column":16},"end":{"line":59,"column":66}},"21":{"start":{"line":60,"column":16},"end":{"line":60,"column":23}},"22":{"start":{"line":62,"column":16},"end":{"line":62,"column":null}},"23":{"start":{"line":63,"column":16},"end":{"line":63,"column":22}},"24":{"start":{"line":67,"column":12},"end":{"line":67,"column":63}},"25":{"start":{"line":68,"column":12},"end":{"line":68,"column":18}},"26":{"start":{"line":28,"column":13},"end":{"line":28,"column":26}},"27":{"start":{"line":74,"column":13},"end":{"line":74,"column":null}},"28":{"start":{"line":75,"column":13},"end":{"line":75,"column":null}},"29":{"start":{"line":76,"column":13},"end":{"line":76,"column":null}}},"fnMap":{"0":{"name":"(anonymous_1)","decl":{"start":{"line":28,"column":26},"end":{"line":28,"column":27}},"loc":{"start":{"line":28,"column":70},"end":{"line":72,"column":1}}},"1":{"name":"(anonymous_2)","decl":{"start":{"line":29,"column":11},"end":{"line":29,"column":12}},"loc":{"start":{"line":29,"column":69},"end":{"line":71,"column":5}}}},"branchMap":{"0":{"loc":{"start":{"line":32,"column":8},"end":{"line":35,"column":9}},"type":"if","locations":[{"start":{"line":32,"column":8},"end":{"line":35,"column":9}},{"start":{},"end":{}}]},"1":{"loc":{"start":{"line":32,"column":12},"end":{"line":32,"column":60}},"type":"binary-expr","locations":[{"start":{"line":32,"column":12},"end":{"line":32,"column":23}},{"start":{"line":32,"column":27},"end":{"line":32,"column":60}}]},"2":{"loc":{"start":{"line":44,"column":12},"end":{"line":64,"column":13}},"type":"if","locations":[{"start":{"line":44,"column":12},"end":{"line":64,"column":13}},{"start":{"line":61,"column":19},"end":{"line":64,"column":13}}]},"3":{"loc":{"start":{"line":45,"column":16},"end":{"line":47,"column":33}},"type":"binary-expr","locations":[{"start":{"line":45,"column":16},"end":{"line":45,"column":43}},{"start":{"line":46,"column":16},"end":{"line":46,"column":32}},{"start":{"line":47,"column":16},"end":{"line":47,"column":33}}]},"4":{"loc":{"start":{"line":49,"column":16},"end":{"line":58,"column":17}},"type":"if","locations":[{"start":{"line":49,"column":16},"end":{"line":58,"column":17}},{"start":{"line":55,"column":21},"end":{"line":58,"column":17}}]},"5":{"loc":{"start":{"line":50,"column":20},"end":{"line":53,"column":21}},"type":"if","locations":[{"start":{"line":50,"column":20},"end":{"line":53,"column":21}},{"start":{},"end":{}}]},"6":{"loc":{"start":{"line":50,"column":24},"end":{"line":50,"column":75}},"type":"binary-expr","locations":[{"start":{"line":50,"column":24},"end":{"line":50,"column":48}},{"start":{"line":50,"column":52},"end":{"line":50,"column":75}}]},"7":{"loc":{"start":{"line":55,"column":21},"end":{"line":58,"column":17}},"type":"if","locations":[{"start":{"line":55,"column":21},"end":{"line":58,"column":17}},{"start":{},"end":{}}]}},"s":{"0":7,"1":7,"2":7,"3":21,"4":0,"5":0,"6":0,"7":0,"8":0,"9":0,"10":0,"11":0,"12":0,"13":0,"14":0,"15":0,"16":0,"17":0,"18":0,"19":0,"20":0,"21":0,"22":0,"23":0,"24":0,"25":0,"26":7,"27":7,"28":7,"29":7},"f":{"0":21,"1":0},"b":{"0":[0,0],"1":[0,0],"2":[0,0],"3":[0,0,0],"4":[0,0],"5":[0,0],"6":[0,0],"7":[0,0]}}
,"C:\\Users\\Ryan\\Desktop\\Teach2give\\event_ticketing_system\\backend\\src\\payments\\payment.controller.ts": {"path":"C:\\Users\\Ryan\\Desktop\\Teach2give\\event_ticketing_system\\backend\\src\\payments\\payment.controller.ts","statementMap":{"0":{"start":{"line":2,"column":0},"end":{"line":2,"column":52}},"1":{"start":{"line":5,"column":40},"end":{"line":15,"column":1}},"2":{"start":{"line":6,"column":2},"end":{"line":14,"column":3}},"3":{"start":{"line":7,"column":21},"end":{"line":7,"column":58}},"4":{"start":{"line":8,"column":4},"end":{"line":8,"column":null}},"5":{"start":{"line":9,"column":4},"end":{"line":9,"column":11}},"6":{"start":{"line":11,"column":4},"end":{"line":11,"column":null}},"7":{"start":{"line":12,"column":4},"end":{"line":12,"column":null}},"8":{"start":{"line":13,"column":4},"end":{"line":13,"column":11}},"9":{"start":{"line":5,"column":13},"end":{"line":5,"column":40}},"10":{"start":{"line":18,"column":40},"end":{"line":41,"column":1}},"11":{"start":{"line":19,"column":2},"end":{"line":40,"column":3}},"12":{"start":{"line":20,"column":15},"end":{"line":20,"column":38}},"13":{"start":{"line":22,"column":4},"end":{"line":25,"column":5}},"14":{"start":{"line":23,"column":7},"end":{"line":23,"column":55}},"15":{"start":{"line":24,"column":6},"end":{"line":24,"column":13}},"16":{"start":{"line":27,"column":20},"end":{"line":27,"column":59}},"17":{"start":{"line":29,"column":4},"end":{"line":32,"column":5}},"18":{"start":{"line":30,"column":6},"end":{"line":30,"column":61}},"19":{"start":{"line":31,"column":6},"end":{"line":31,"column":13}},"20":{"start":{"line":34,"column":4},"end":{"line":34,"column":44}},"21":{"start":{"line":36,"column":4},"end":{"line":36,"column":11}},"22":{"start":{"line":38,"column":5},"end":{"line":38,"column":null}},"23":{"start":{"line":39,"column":4},"end":{"line":39,"column":11}},"24":{"start":{"line":18,"column":13},"end":{"line":18,"column":40}},"25":{"start":{"line":44,"column":39},"end":{"line":64,"column":1}},"26":{"start":{"line":45,"column":2},"end":{"line":63,"column":3}},"27":{"start":{"line":47,"column":17},"end":{"line":47,"column":25}},"28":{"start":{"line":49,"column":4},"end":{"line":49,"column":72}},"29":{"start":{"line":49,"column":26},"end":{"line":49,"column":72}},"30":{"start":{"line":51,"column":20},"end":{"line":51,"column":60}},"31":{"start":{"line":53,"column":4},"end":{"line":56,"column":5}},"32":{"start":{"line":54,"column":6},"end":{"line":54,"column":63}},"33":{"start":{"line":55,"column":6},"end":{"line":55,"column":13}},"34":{"start":{"line":57,"column":4},"end":{"line":57,"column":79}},"35":{"start":{"line":58,"column":4},"end":{"line":58,"column":11}},"36":{"start":{"line":60,"column":4},"end":{"line":60,"column":50}},"37":{"start":{"line":61,"column":5},"end":{"line":61,"column":79}},"38":{"start":{"line":62,"column":4},"end":{"line":62,"column":11}},"39":{"start":{"line":44,"column":13},"end":{"line":44,"column":39}},"40":{"start":{"line":67,"column":39},"end":{"line":93,"column":1}},"41":{"start":{"line":68,"column":2},"end":{"line":92,"column":3}},"42":{"start":{"line":69,"column":15},"end":{"line":69,"column":38}},"43":{"start":{"line":71,"column":4},"end":{"line":74,"column":5}},"44":{"start":{"line":72,"column":6},"end":{"line":72,"column":54}},"45":{"start":{"line":73,"column":6},"end":{"line":73,"column":13}},"46":{"start":{"line":76,"column":17},"end":{"line":76,"column":25}},"47":{"start":{"line":78,"column":4},"end":{"line":78,"column":72}},"48":{"start":{"line":78,"column":26},"end":{"line":78,"column":72}},"49":{"start":{"line":79,"column":4},"end":{"line":79,"column":66}},"50":{"start":{"line":79,"column":24},"end":{"line":79,"column":66}},"51":{"start":{"line":80,"column":4},"end":{"line":80,"column":66}},"52":{"start":{"line":80,"column":24},"end":{"line":80,"column":66}},"53":{"start":{"line":82,"column":20},"end":{"line":82,"column":64}},"54":{"start":{"line":83,"column":4},"end":{"line":85,"column":5}},"55":{"start":{"line":84,"column":6},"end":{"line":84,"column":68}},"56":{"start":{"line":86,"column":4},"end":{"line":86,"column":88}},"57":{"start":{"line":87,"column":4},"end":{"line":87,"column":11}},"58":{"start":{"line":89,"column":4},"end":{"line":89,"column":50}},"59":{"start":{"line":90,"column":4},"end":{"line":90,"column":78}},"60":{"start":{"line":91,"column":4},"end":{"line":91,"column":11}},"61":{"start":{"line":67,"column":13},"end":{"line":67,"column":39}},"62":{"start":{"line":96,"column":39},"end":{"line":113,"column":1}},"63":{"start":{"line":97,"column":2},"end":{"line":112,"column":3}},"64":{"start":{"line":98,"column":15},"end":{"line":98,"column":42}},"65":{"start":{"line":100,"column":4},"end":{"line":103,"column":5}},"66":{"start":{"line":101,"column":6},"end":{"line":101,"column":54}},"67":{"start":{"line":102,"column":6},"end":{"line":102,"column":13}},"68":{"start":{"line":105,"column":4},"end":{"line":105,"column":43}},"69":{"start":{"line":106,"column":4},"end":{"line":106,"column":27}},"70":{"start":{"line":107,"column":4},"end":{"line":107,"column":11}},"71":{"start":{"line":109,"column":4},"end":{"line":109,"column":50}},"72":{"start":{"line":110,"column":4},"end":{"line":110,"column":78}},"73":{"start":{"line":111,"column":4},"end":{"line":111,"column":11}},"74":{"start":{"line":96,"column":13},"end":{"line":96,"column":39}},"75":{"start":{"line":116,"column":45},"end":{"line":139,"column":1}},"76":{"start":{"line":117,"column":2},"end":{"line":138,"column":3}},"77":{"start":{"line":118,"column":19},"end":{"line":118,"column":44}},"78":{"start":{"line":120,"column":4},"end":{"line":123,"column":5}},"79":{"start":{"line":121,"column":6},"end":{"line":121,"column":57}},"80":{"start":{"line":122,"column":6},"end":{"line":122,"column":13}},"81":{"start":{"line":125,"column":21},"end":{"line":125,"column":68}},"82":{"start":{"line":127,"column":4},"end":{"line":130,"column":5}},"83":{"start":{"line":128,"column":6},"end":{"line":128,"column":76}},"84":{"start":{"line":129,"column":6},"end":{"line":129,"column":13}},"85":{"start":{"line":132,"column":4},"end":{"line":132,"column":45}},"86":{"start":{"line":133,"column":4},"end":{"line":133,"column":11}},"87":{"start":{"line":135,"column":4},"end":{"line":135,"column":62}},"88":{"start":{"line":136,"column":4},"end":{"line":136,"column":78}},"89":{"start":{"line":137,"column":4},"end":{"line":137,"column":11}},"90":{"start":{"line":116,"column":13},"end":{"line":116,"column":45}}},"fnMap":{"0":{"name":"(anonymous_9)","decl":{"start":{"line":5,"column":40},"end":{"line":5,"column":45}},"loc":{"start":{"line":5,"column":79},"end":{"line":15,"column":1}}},"1":{"name":"(anonymous_10)","decl":{"start":{"line":18,"column":40},"end":{"line":18,"column":45}},"loc":{"start":{"line":18,"column":78},"end":{"line":41,"column":1}}},"2":{"name":"(anonymous_11)","decl":{"start":{"line":44,"column":39},"end":{"line":44,"column":44}},"loc":{"start":{"line":44,"column":77},"end":{"line":64,"column":1}}},"3":{"name":"(anonymous_12)","decl":{"start":{"line":67,"column":39},"end":{"line":67,"column":44}},"loc":{"start":{"line":67,"column":77},"end":{"line":93,"column":1}}},"4":{"name":"(anonymous_13)","decl":{"start":{"line":96,"column":39},"end":{"line":96,"column":44}},"loc":{"start":{"line":96,"column":77},"end":{"line":113,"column":1}}},"5":{"name":"(anonymous_14)","decl":{"start":{"line":116,"column":45},"end":{"line":116,"column":50}},"loc":{"start":{"line":116,"column":83},"end":{"line":139,"column":1}}}},"branchMap":{"0":{"loc":{"start":{"line":12,"column":34},"end":{"line":12,"column":74}},"type":"binary-expr","locations":[{"start":{"line":12,"column":34},"end":{"line":12,"column":47}},{"start":{"line":12,"column":51},"end":{"line":12,"column":74}}]},"1":{"loc":{"start":{"line":22,"column":4},"end":{"line":25,"column":5}},"type":"if","locations":[{"start":{"line":22,"column":4},"end":{"line":25,"column":5}},{"start":{},"end":{}}]},"2":{"loc":{"start":{"line":29,"column":4},"end":{"line":32,"column":5}},"type":"if","locations":[{"start":{"line":29,"column":4},"end":{"line":32,"column":5}},{"start":{},"end":{}}]},"3":{"loc":{"start":{"line":49,"column":4},"end":{"line":49,"column":72}},"type":"if","locations":[{"start":{"line":49,"column":4},"end":{"line":49,"column":72}},{"start":{},"end":{}}]},"4":{"loc":{"start":{"line":53,"column":4},"end":{"line":56,"column":5}},"type":"if","locations":[{"start":{"line":53,"column":4},"end":{"line":56,"column":5}},{"start":{},"end":{}}]},"5":{"loc":{"start":{"line":61,"column":35},"end":{"line":61,"column":75}},"type":"binary-expr","locations":[{"start":{"line":61,"column":35},"end":{"line":61,"column":48}},{"start":{"line":61,"column":52},"end":{"line":61,"column":75}}]},"6":{"loc":{"start":{"line":71,"column":4},"end":{"line":74,"column":5}},"type":"if","locations":[{"start":{"line":71,"column":4},"end":{"line":74,"column":5}},{"start":{},"end":{}}]},"7":{"loc":{"start":{"line":78,"column":4},"end":{"line":78,"column":72}},"type":"if","locations":[{"start":{"line":78,"column":4},"end":{"line":78,"column":72}},{"start":{},"end":{}}]},"8":{"loc":{"start":{"line":79,"column":4},"end":{"line":79,"column":66}},"type":"if","locations":[{"start":{"line":79,"column":4},"end":{"line":79,"column":66}},{"start":{},"end":{}}]},"9":{"loc":{"start":{"line":80,"column":4},"end":{"line":80,"column":66}},"type":"if","locations":[{"start":{"line":80,"column":4},"end":{"line":80,"column":66}},{"start":{},"end":{}}]},"10":{"loc":{"start":{"line":83,"column":4},"end":{"line":85,"column":5}},"type":"if","locations":[{"start":{"line":83,"column":4},"end":{"line":85,"column":5}},{"start":{},"end":{}}]},"11":{"loc":{"start":{"line":90,"column":34},"end":{"line":90,"column":74}},"type":"binary-expr","locations":[{"start":{"line":90,"column":34},"end":{"line":90,"column":47}},{"start":{"line":90,"column":51},"end":{"line":90,"column":74}}]},"12":{"loc":{"start":{"line":100,"column":4},"end":{"line":103,"column":5}},"type":"if","locations":[{"start":{"line":100,"column":4},"end":{"line":103,"column":5}},{"start":{},"end":{}}]},"13":{"loc":{"start":{"line":110,"column":34},"end":{"line":110,"column":74}},"type":"binary-expr","locations":[{"start":{"line":110,"column":34},"end":{"line":110,"column":47}},{"start":{"line":110,"column":51},"end":{"line":110,"column":74}}]},"14":{"loc":{"start":{"line":120,"column":4},"end":{"line":123,"column":5}},"type":"if","locations":[{"start":{"line":120,"column":4},"end":{"line":123,"column":5}},{"start":{},"end":{}}]},"15":{"loc":{"start":{"line":127,"column":4},"end":{"line":130,"column":5}},"type":"if","locations":[{"start":{"line":127,"column":4},"end":{"line":130,"column":5}},{"start":{},"end":{}}]},"16":{"loc":{"start":{"line":127,"column":8},"end":{"line":127,"column":42}},"type":"binary-expr","locations":[{"start":{"line":127,"column":8},"end":{"line":127,"column":17}},{"start":{"line":127,"column":21},"end":{"line":127,"column":42}}]},"17":{"loc":{"start":{"line":136,"column":34},"end":{"line":136,"column":74}},"type":"binary-expr","locations":[{"start":{"line":136,"column":34},"end":{"line":136,"column":47}},{"start":{"line":136,"column":51},"end":{"line":136,"column":74}}]}},"s":{"0":8,"1":8,"2":2,"3":2,"4":1,"5":1,"6":1,"7":1,"8":1,"9":8,"10":8,"11":4,"12":4,"13":4,"14":1,"15":1,"16":3,"17":2,"18":1,"19":1,"20":1,"21":1,"22":1,"23":1,"24":8,"25":8,"26":4,"27":4,"28":4,"29":3,"30":4,"31":2,"32":1,"33":1,"34":1,"35":1,"36":2,"37":2,"38":2,"39":8,"40":8,"41":4,"42":4,"43":4,"44":1,"45":1,"46":3,"47":3,"48":0,"49":3,"50":0,"51":3,"52":0,"53":3,"54":2,"55":1,"56":1,"57":1,"58":1,"59":1,"60":1,"61":8,"62":8,"63":3,"64":3,"65":3,"66":1,"67":1,"68":2,"69":1,"70":1,"71":1,"72":1,"73":1,"74":8,"75":8,"76":4,"77":4,"78":4,"79":1,"80":1,"81":3,"82":2,"83":1,"84":1,"85":1,"86":1,"87":1,"88":1,"89":1,"90":8},"f":{"0":2,"1":4,"2":4,"3":4,"4":3,"5":4},"b":{"0":[1,0],"1":[1,3],"2":[1,1],"3":[3,1],"4":[1,1],"5":[2,0],"6":[1,3],"7":[0,3],"8":[0,3],"9":[0,3],"10":[1,1],"11":[1,0],"12":[1,2],"13":[1,0],"14":[1,3],"15":[1,1],"16":[2,2],"17":[1,0]}}
,"C:\\Users\\Ryan\\Desktop\\Teach2give\\event_ticketing_system\\backend\\src\\payments\\payment.router.ts": {"path":"C:\\Users\\Ryan\\Desktop\\Teach2give\\event_ticketing_system\\backend\\src\\payments\\payment.router.ts","statementMap":{"0":{"start":{"line":2,"column":0},"end":{"line":2,"column":null}},"1":{"start":{"line":8,"column":16},"end":{"line":74,"column":1}},"2":{"start":{"line":10,"column":4},"end":{"line":18,"column":null}},"3":{"start":{"line":12,"column":12},"end":{"line":16,"column":13}},"4":{"start":{"line":13,"column":16},"end":{"line":13,"column":null}},"5":{"start":{"line":15,"column":16},"end":{"line":15,"column":null}},"6":{"start":{"line":21,"column":4},"end":{"line":29,"column":null}},"7":{"start":{"line":23,"column":12},"end":{"line":27,"column":13}},"8":{"start":{"line":24,"column":16},"end":{"line":24,"column":null}},"9":{"start":{"line":26,"column":16},"end":{"line":26,"column":null}},"10":{"start":{"line":32,"column":4},"end":{"line":40,"column":null}},"11":{"start":{"line":34,"column":12},"end":{"line":38,"column":13}},"12":{"start":{"line":35,"column":16},"end":{"line":35,"column":null}},"13":{"start":{"line":37,"column":16},"end":{"line":37,"column":null}},"14":{"start":{"line":43,"column":4},"end":{"line":51,"column":null}},"15":{"start":{"line":45,"column":12},"end":{"line":49,"column":13}},"16":{"start":{"line":46,"column":16},"end":{"line":46,"column":null}},"17":{"start":{"line":48,"column":16},"end":{"line":48,"column":null}},"18":{"start":{"line":54,"column":4},"end":{"line":62,"column":null}},"19":{"start":{"line":56,"column":12},"end":{"line":60,"column":13}},"20":{"start":{"line":57,"column":16},"end":{"line":57,"column":null}},"21":{"start":{"line":59,"column":16},"end":{"line":59,"column":null}},"22":{"start":{"line":65,"column":5},"end":{"line":73,"column":11}},"23":{"start":{"line":67,"column":13},"end":{"line":71,"column":14}},"24":{"start":{"line":68,"column":17},"end":{"line":68,"column":63}},"25":{"start":{"line":70,"column":17},"end":{"line":70,"column":29}},"26":{"start":{"line":77,"column":0},"end":{"line":77,"column":23}}},"fnMap":{"0":{"name":"(anonymous_0)","decl":{"start":{"line":8,"column":16},"end":{"line":8,"column":17}},"loc":{"start":{"line":8,"column":33},"end":{"line":74,"column":1}}},"1":{"name":"(anonymous_1)","decl":{"start":{"line":11,"column":8},"end":{"line":11,"column":13}},"loc":{"start":{"line":11,"column":33},"end":{"line":17,"column":9}}},"2":{"name":"(anonymous_2)","decl":{"start":{"line":22,"column":8},"end":{"line":22,"column":13}},"loc":{"start":{"line":22,"column":33},"end":{"line":28,"column":9}}},"3":{"name":"(anonymous_3)","decl":{"start":{"line":33,"column":8},"end":{"line":33,"column":13}},"loc":{"start":{"line":33,"column":33},"end":{"line":39,"column":9}}},"4":{"name":"(anonymous_4)","decl":{"start":{"line":44,"column":8},"end":{"line":44,"column":13}},"loc":{"start":{"line":44,"column":33},"end":{"line":50,"column":9}}},"5":{"name":"(anonymous_5)","decl":{"start":{"line":55,"column":8},"end":{"line":55,"column":13}},"loc":{"start":{"line":55,"column":33},"end":{"line":61,"column":9}}},"6":{"name":"(anonymous_6)","decl":{"start":{"line":66,"column":9},"end":{"line":66,"column":14}},"loc":{"start":{"line":66,"column":34},"end":{"line":72,"column":13}}}},"branchMap":{},"s":{"0":8,"1":8,"2":8,"3":4,"4":4,"5":0,"6":8,"7":2,"8":2,"9":0,"10":8,"11":4,"12":4,"13":0,"14":8,"15":4,"16":4,"17":0,"18":8,"19":3,"20":3,"21":0,"22":8,"23":4,"24":4,"25":0,"26":8},"f":{"0":8,"1":4,"2":2,"3":4,"4":4,"5":3,"6":4},"b":{}}
,"C:\\Users\\Ryan\\Desktop\\Teach2give\\event_ticketing_system\\backend\\src\\payments\\payment.service.ts": {"path":"C:\\Users\\Ryan\\Desktop\\Teach2give\\event_ticketing_system\\backend\\src\\payments\\payment.service.ts","statementMap":{"0":{"start":{"line":1,"column":0},"end":{"line":1,"column":31}},"1":{"start":{"line":2,"column":0},"end":{"line":2,"column":50}},"2":{"start":{"line":3,"column":0},"end":{"line":3,"column":33}},"3":{"start":{"line":7,"column":30},"end":{"line":10,"column":1}},"4":{"start":{"line":8,"column":19},"end":{"line":8,"column":58}},"5":{"start":{"line":9,"column":4},"end":{"line":9,"column":20}},"6":{"start":{"line":7,"column":13},"end":{"line":7,"column":30}},"7":{"start":{"line":13,"column":30},"end":{"line":18,"column":1}},"8":{"start":{"line":14,"column":19},"end":{"line":16,"column":4}},"9":{"start":{"line":17,"column":2},"end":{"line":17,"column":null}},"10":{"start":{"line":13,"column":13},"end":{"line":13,"column":30}},"11":{"start":{"line":21,"column":29},"end":{"line":27,"column":1}},"12":{"start":{"line":22,"column":23},"end":{"line":22,"column":81}},"13":{"start":{"line":23,"column":4},"end":{"line":25,"column":5}},"14":{"start":{"line":24,"column":8},"end":{"line":24,"column":null}},"15":{"start":{"line":26,"column":4},"end":{"line":26,"column":null}},"16":{"start":{"line":21,"column":13},"end":{"line":21,"column":29}},"17":{"start":{"line":30,"column":30},"end":{"line":42,"column":1}},"18":{"start":{"line":31,"column":20},"end":{"line":35,"column":16}},"19":{"start":{"line":37,"column":4},"end":{"line":39,"column":5}},"20":{"start":{"line":38,"column":8},"end":{"line":38,"column":20}},"21":{"start":{"line":41,"column":4},"end":{"line":41,"column":22}},"22":{"start":{"line":30,"column":13},"end":{"line":30,"column":30}},"23":{"start":{"line":45,"column":29},"end":{"line":48,"column":1}},"24":{"start":{"line":46,"column":2},"end":{"line":46,"column":null}},"25":{"start":{"line":47,"column":2},"end":{"line":47,"column":40}},"26":{"start":{"line":45,"column":13},"end":{"line":45,"column":29}},"27":{"start":{"line":51,"column":34},"end":{"line":56,"column":1}},"28":{"start":{"line":52,"column":19},"end":{"line":54,"column":4}},"29":{"start":{"line":55,"column":2},"end":{"line":55,"column":18}},"30":{"start":{"line":51,"column":13},"end":{"line":51,"column":34}}},"fnMap":{"0":{"name":"(anonymous_1)","decl":{"start":{"line":7,"column":30},"end":{"line":7,"column":35}},"loc":{"start":{"line":7,"column":41},"end":{"line":10,"c
[...]
give\\event_ticketing_system\\backend\\src\\users\\user.service.ts": {"path":"C:\\Users\\Ryan\\Desktop\\Teach2give\\event_ticketing_system\\backend\\src\\users\\user.service.ts","statementMap":{"0":{"start":{"line":1,"column":0},"end":{"line":1,"column":31}},"1":{"start":{"line":2,"column":0},"end":{"line":2,"column":47}},"2":{"start":{"line":3,"column":0},"end":{"line":3,"column":38}},"3":{"start":{"line":7,"column":27},"end":{"line":10,"column":1}},"4":{"start":{"line":8,"column":16},"end":{"line":8,"column":52}},"5":{"start":{"line":9,"column":4},"end":{"line":9,"column":17}},"6":{"start":{"line":7,"column":13},"end":{"line":7,"column":27}},"7":{"start":{"line":13,"column":27},"end":{"line":18,"column":1}},"8":{"start":{"line":14,"column":16},"end":{"line":16,"column":4}},"9":{"start":{"line":17,"column":2},"end":{"line":17,"column":null}},"10":{"start":{"line":13,"column":13},"end":{"line":13,"column":27}},"11":{"start":{"line":21,"column":26},"end":{"line":24,"column":1}},"12":{"start":{"line":22,"column":4},"end":{"line":22,"column":null}},"13":{"start":{"line":23,"column":4},"end":{"line":23,"column":39}},"14":{"start":{"line":21,"column":13},"end":{"line":21,"column":26}},"15":{"start":{"line":27,"column":37},"end":{"line":31,"column":1}},"16":{"start":{"line":28,"column":3},"end":{"line":30,"column":7}},"17":{"start":{"line":27,"column":13},"end":{"line":27,"column":37}},"18":{"start":{"line":34,"column":33},"end":{"line":38,"column":1}},"19":{"start":{"line":35,"column":2},"end":{"line":37,"column":52}},"20":{"start":{"line":34,"column":13},"end":{"line":34,"column":33}},"21":{"start":{"line":41,"column":27},"end":{"line":44,"column":1}},"22":{"start":{"line":42,"column":4},"end":{"line":42,"column":null}},"23":{"start":{"line":43,"column":4},"end":{"line":43,"column":39}},"24":{"start":{"line":41,"column":13},"end":{"line":41,"column":27}},"25":{"start":{"line":47,"column":26},"end":{"line":50,"column":1}},"26":{"start":{"line":48,"column":2},"end":{"line":48,"column":null}},"27":{"start":{"line":49,"column":2},"end":{"line":49,"column":37}},"28":{"start":{"line":47,"column":13},"end":{"line":47,"column":26}},"29":{"start":{"line":53,"column":32},"end":{"line":71,"column":1}},"30":{"start":{"line":55,"column":20},"end":{"line":55,"column":24}},"31":{"start":{"line":56,"column":4},"end":{"line":69,"column":null}},"32":{"start":{"line":53,"column":13},"end":{"line":53,"column":32}}},"fnMap":{"0":{"name":"(anonymous_1)","decl":{"start":{"line":7,"column":27},"end":{"line":7,"column":32}},"loc":{"start":{"line":7,"column":38},"end":{"line":10,"column":1}}},"1":{"name":"(anonymous_2)","decl":{"start":{"line":13,"column":27},"end":{"line":13,"column":32}},"loc":{"start":{"line":13,"column":48},"end":{"line":18,"column":1}}},"2":{"name":"(anonymous_3)","decl":{"start":{"line":21,"column":26},"end":{"line":21,"column":31}},"loc":{"start":{"line":21,"column":49},"end":{"line":24,"column":1}}},"3":{"name":"(anonymous_4)","decl":{"start":{"line":27,"column":37},"end":{"line":27,"column":42}},"loc":{"start":{"line":27,"column":61},"end":{"line":31,"column":1}}},"4":{"name":"(anonymous_5)","decl":{"start":{"line":34,"column":33},"end":{"line":34,"column":38}},"loc":{"start":{"line":34,"column":56},"end":{"line":38,"column":1}}},"5":{"name":"(anonymous_6)","decl":{"start":{"line":41,"column":27},"end":{"line":41,"column":32}},"loc":{"start":{"line":41,"column":62},"end":{"line":44,"column":1}}},"6":{"name":"(anonymous_7)","decl":{"start":{"line":47,"column":26},"end":{"line":47,"column":31}},"loc":{"start":{"line":47,"column":47},"end":{"line":50,"column":1}}},"7":{"name":"(anonymous_8)","decl":{"start":{"line":53,"column":32},"end":{"line":53,"column":37}},"loc":{"start":{"line":53,"column":54},"end":{"line":71,"column":1}}}},"branchMap":{},"s":{"0":8,"1":8,"2":8,"3":8,"4":1,"5":1,"6":8,"7":8,"8":6,"9":6,"10":8,"11":8,"12":3,"13":1,"14":8,"15":8,"16":5,"17":8,"18":8,"19":1,"20":8,"21":8,"22":1,"23":1,"24":8,"25":8,"26":1,"27":1,"28":8,"29":8,"30":3,"31":3,"32":8},"f":{"0":1,"1":6,"2":3,"3":5,"4":1,"5":1,"6":1,"7":3},"b":{}}
,"C:\\Users\\Ryan\\Desktop\\Teach2give\\event_ticketing_system\\backend\\src\\venues\\venue.controller.ts": {"path":"C:\\Users\\Ryan\\Desktop\\Teach2give\\event_ticketing_system\\backend\\src\\venues\\venue.controller.ts","statementMap":{"0":{"start":{"line":2,"column":0},"end":{"line":2,"column":48}},"1":{"start":{"line":5,"column":38},"end":{"line":15,"column":1}},"2":{"start":{"line":6,"column":2},"end":{"line":14,"column":3}},"3":{"start":{"line":7,"column":19},"end":{"line":7,"column":52}},"4":{"start":{"line":8,"column":4},"end":{"line":8,"column":null}},"5":{"start":{"line":9,"column":4},"end":{"line":9,"column":11}},"6":{"start":{"line":11,"column":4},"end":{"line":11,"column":null}},"7":{"start":{"line":12,"column":4},"end":{"line":12,"column":null}},"8":{"start":{"line":13,"column":4},"end":{"line":13,"column":11}},"9":{"start":{"line":5,"column":13},"end":{"line":5,"column":38}},"10":{"start":{"line":18,"column":38},"end":{"line":41,"column":1}},"11":{"start":{"line":19,"column":2},"end":{"line":40,"column":3}},"12":{"start":{"line":20,"column":15},"end":{"line":20,"column":38}},"13":{"start":{"line":22,"column":4},"end":{"line":25,"column":5}},"14":{"start":{"line":23,"column":7},"end":{"line":23,"column":55}},"15":{"start":{"line":24,"column":6},"end":{"line":24,"column":13}},"16":{"start":{"line":27,"column":18},"end":{"line":27,"column":53}},"17":{"start":{"line":29,"column":4},"end":{"line":32,"column":5}},"18":{"start":{"line":30,"column":6},"end":{"line":30,"column":59}},"19":{"start":{"line":31,"column":6},"end":{"line":31,"column":13}},"20":{"start":{"line":34,"column":4},"end":{"line":34,"column":42}},"21":{"start":{"line":36,"column":4},"end":{"line":36,"column":11}},"22":{"start":{"line":38,"column":5},"end":{"line":38,"column":null}},"23":{"start":{"line":39,"column":4},"end":{"line":39,"column":11}},"24":{"start":{"line":18,"column":13},"end":{"line":18,"column":38}},"25":{"start":{"line":44,"column":37},"end":{"line":63,"column":1}},"26":{"start":{"line":45,"column":2},"end":{"line":62,"column":3}},"27":{"start":{"line":46,"column":17},"end":{"line":46,"column":25}},"28":{"start":{"line":48,"column":4},"end":{"line":48,"column":66}},"29":{"start":{"line":48,"column":24},"end":{"line":48,"column":66}},"30":{"start":{"line":50,"column":18},"end":{"line":50,"column":54}},"31":{"start":{"line":52,"column":4},"end":{"line":55,"column":5}},"32":{"start":{"line":53,"column":6},"end":{"line":53,"column":61}},"33":{"start":{"line":54,"column":6},"end":{"line":54,"column":13}},"34":{"start":{"line":56,"column":4},"end":{"line":56,"column":75}},"35":{"start":{"line":57,"column":4},"end":{"line":57,"column":11}},"36":{"start":{"line":59,"column":4},"end":{"line":59,"column":48}},"37":{"start":{"line":60,"column":5},"end":{"line":60,"column":79}},"38":{"start":{"line":61,"column":4},"end":{"line":61,"column":11}},"39":{"start":{"line":44,"column":13},"end":{"line":44,"column":37}},"40":{"start":{"line":66,"column":37},"end":{"line":90,"column":1}},"41":{"start":{"line":67,"column":2},"end":{"line":89,"column":3}},"42":{"start":{"line":68,"column":15},"end":{"line":68,"column":38}},"43":{"start":{"line":70,"column":4},"end":{"line":73,"column":5}},"44":{"start":{"line":71,"column":6},"end":{"line":71,"column":54}},"45":{"start":{"line":72,"column":6},"end":{"line":72,"column":13}},"46":{"start":{"line":75,"column":17},"end":{"line":75,"column":25}},"47":{"start":{"line":77,"column":4},"end":{"line":77,"column":66}},"48":{"start":{"line":77,"column":24},"end":{"line":77,"column":66}},"49":{"start":{"line":79,"column":20},"end":{"line":79,"column":60}},"50":{"start":{"line":80,"column":4},"end":{"line":82,"column":5}},"51":{"start":{"line":81,"column":6},"end":{"line":81,"column":66}},"52":{"start":{"line":83,"column":4},"end":{"line":83,"column":84}},"53":{"start":{"line":84,"column":4},"end":{"line":84,"column":11}},"54":{"start":{"line":86,"column":4},"end":{"line":86,"column":48}},"55":{"start":{"line":87,"column":4},"end":{"line":87,"column":78}},"56":{"start":{"line":88,"column":4},"end":{"line":88,"column":11}},"57":{"start":{"line":66,"column":13},"end":{"line":66,"column":37}},"58":{"start":{"line":93,"column":37},"end":{"line":110,"column":1}},"59":{"start":{"line":94,"column":2},"end":{"line":109,"column":3}},"60":{"start":{"line":95,"column":15},"end":{"line":95,"column":42}},"61":{"start":{"line":97,"column":4},"end":{"line":100,"column":5}},"62":{"start":{"line":98,"column":6},"end":{"line":98,"column":54}},"63":{"start":{"line":99,"column":6},"end":{"line":99,"column":13}},"64":{"start":{"line":102,"column":4},"end":{"line":102,"column":39}},"65":{"start":{"line":103,"column":4},"end":{"line":103,"column":27}},"66":{"start":{"line":104,"column":4},"end":{"line":104,"column":11}},"67":{"start":{"line":106,"column":4},"end":{"line":106,"column":48}},"68":{"start":{"line":107,"column":4},"end":{"line":107,"column":78}},"69":{"start":{"line":108,"column":4},"end":{"line":108,"column":11}},"70":{"start":{"line":93,"column":13},"end":{"line":93,"column":37}}},"fnMap":{"0":{"name":"(anonymous_9)","decl":{"start":{"line":5,"column":38},"end":{"line":5,"column":43}},"loc":{"start":{"line":5,"column":77},"end":{"line":15,"column":1}}},"1":{"name":"(anonymous_10)","decl":{"start":{"line":18,"column":38},"end":{"line":18,"column":43}},"loc":{"start":{"line":18,"column":76},"end":{"line":41,"column":1}}},"2":{"name":"(anonymous_11)","decl":{"start":{"line":44,"column":37},"end":{"line":44,"column":42}},"loc":{"start":{"line":44,"column":75},"end":{"line":63,"column":1}}},"3":{"name":"(anonymous_12)","decl":{"start":{"line":66,"column":37},"end":{"line":66,"column":42}},"loc":{"start":{"line":66,"column":75},"end":{"line":90,"column":1}}},"4":{"name":"(anonymous_13)","decl":{"start":{"line":93,"column":37},"end":{"line":93,"column":42}},"loc":{"start":{"line":93,"column":75},"end":{"line":110,"column":1}}}},"branchMap":{"0":{"loc":{"start":{"line":12,"column":34},"end":{"line":12,"column":74}},"type":"binary-expr","locations":[{"start":{"line":12,"column":34},"end":{"line":12,"column":47}},{"start":{"line":12,"column":51},"end":{"line":12,"column":74}}]},"1":{"loc":{"start":{"line":22,"column":4},"end":{"line":25,"column":5}},"type":"if","locations":[{"start":{"line":22,"column":4},"end":{"line":25,"column":5}},{"start":{},"end":{}}]},"2":{"loc":{"start":{"line":29,"column":4},"end":{"line":32,"column":5}},"type":"if","locations":[{"start":{"line":29,"column":4},"end":{"line":32,"column":5}},{"start":{},"end":{}}]},"3":{"loc":{"start":{"line":48,"column":4},"end":{"line":48,"column":66}},"type":"if","locations":[{"start":{"line":48,"column":4},"end":{"line":48,"column":66}},{"start":{},"end":{}}]},"4":{"loc":{"start":{"line":52,"column":4},"end":{"line":55,"column":5}},"type":"if","locations":[{"start":{"line":52,"column":4},"end":{"line":55,"column":5}},{"start":{},"end":{}}]},"5":{"loc":{"start":{"line":60,"column":35},"end":{"line":60,"column":75}},"type":"binary-expr","locations":[{"start":{"line":60,"column":35},"end":{"line":60,"column":48}},{"start":{"line":60,"column":52},"end":{"line":60,"column":75}}]},"6":{"loc":{"start":{"line":70,"column":4},"end":{"line":73,"column":5}},"type":"if","locations":[{"start":{"line":70,"column":4},"end":{"line":73,"column":5}},{"start":{},"end":{}}]},"7":{"loc":{"start":{"line":77,"column":4},"end":{"line":77,"column":66}},"type":"if","locations":[{"start":{"line":77,"column":4},"end":{"line":77,"column":66}},{"start":{},"end":{}}]},"8":{"loc":{"start":{"line":80,"column":4},"end":{"line":82,"column":5}},"type":"if","locations":[{"start":{"line":80,"column":4},"end":{"line":82,"column":5}},{"start":{},"end":{}}]},"9":{"loc":{"start":{"line":87,"column":34},"end":{"line":87,"column":74}},"type":"binary-expr","locations":[{"start":{"line":87,"column":34},"end":{"line":87,"column":47}},{"start":{"line":87,"column":51},"end":{"line":87,"column":74}}]},"10":{"loc":{"start":{"line":97,"column":4},"end":{"line":100,"column":5}},"type":"if","locations":[{"start":{"line":97,"column":4},"end":{"line":100,"column":5}},{"start":{},"end":{}}]},"11":{"loc":{"start":{"line":107,"column":34},"end":{"line":107,"column":74}},"type":"binary-expr","locations":[{"start":{"line":107,"column":34},"end":{"line":107,"column":47}},{"start":{"line":107,"column":51},"end":{"line":107,"column":74}}]}},"s":{"0":8,"1":8,"2":2,"3":2,"4":1,"5":1,"6":1,"7":1,"8":1,"9":8,"10":8,"11":4,"12":4,"13":4,"14":1,"15":1,"16":3,"17":2,"18":1,"19":1,"20":1,"21":1,"22":1,"23":1,"24":8,"25":8,"26":4,"27":4,"28":4,"29":3,"30":4,"31":2,"32":1,"33":1,"34":1,"35":1,"36":2,"37":2,"38":2,"39":8,"40":8,"41":4,"42":4,"43":4,"44":1,"45":1,"46":3,"47":3,"48":0,"49":3,"50":2,"51":1,"52":1,"53":1,"54":1,"55":1,"56":1,"57":8,"58":8,"59":3,"60":3,"61":3,"62":1,"63":1,"64":2,"65":1,"66":1,"67":1,"68":1,"69":1,"70":8},"f":{"0":2,"1":4,"2":4,"3":4,"4":3},"b":{"0":[1,0],"1":[1,3],"2":[1,1],"3":[3,1],"4":[1,1],"5":[2,0],"6":[1,3],"7":[0,3],"8":[1,1],"9":[1,0],"10":[1,2],"11":[1,0]}}
,"C:\\Users\\Ryan\\Desktop\\Teach2give\\event_ticketing_system\\backend\\src\\venues\\venue.router.ts": {"path":"C:\\Users\\Ryan\\Desktop\\Teach2give\\event_ticketing_system\\backend\\src\\venues\\venue.router.ts","statementMap":{"0":{"start":{"line":2,"column":0},"end":{"line":2,"column":null}},"1":{"start":{"line":8,"column":14},"end":{"line":63,"column":1}},"2":{"start":{"line":10,"column":4},"end":{"line":18,"column":null}},"3":{"start":{"line":12,"column":12},"end":{"line":16,"column":13}},"4":{"start":{"line":13,"column":16},"end":{"line":13,"column":null}},"5":{"start":{"line":15,"column":16},"end":{"line":15,"column":null}},"6":{"start":{"line":21,"column":4},"end":{"line":29,"column":null}},"7":{"start":{"line":23,"column":12},"end":{"line":27,"column":13}},"8":{"start":{"line":24,"column":16},"end":{"line":24,"column":null}},"9":{"start":{"line":26,"column":16},"end":{"line":26,"column":null}},"10":{"start":{"line":32,"column":4},"end":{"line":40,"column":null}},"11":{"start":{"line":34,"column":12},"end":{"line":38,"column":13}},"12":{"start":{"line":35,"column":16},"end":{"line":35,"column":null}},"13":{"start":{"line":37,"column":16},"end":{"line":37,"column":null}},"14":{"start":{"line":43,"column":4},"end":{"line":51,"column":null}},"15":{"start":{"line":45,"column":12},"end":{"line":49,"column":13}},"16":{"start":{"line":46,"column":16},"end":{"line":46,"column":null}},"17":{"start":{"line":48,"column":16},"end":{"line":48,"column":null}},"18":{"start":{"line":54,"column":4},"end":{"line":62,"column":null}},"19":{"start":{"line":56,"column":12},"end":{"line":60,"column":13}},"20":{"start":{"line":57,"column":16},"end":{"line":57,"column":null}},"21":{"start":{"line":59,"column":16},"end":{"line":59,"column":null}},"22":{"start":{"line":66,"column":0},"end":{"line":66,"column":21}}},"fnMap":{"0":{"name":"(anonymous_0)","decl":{"start":{"line":8,"column":14},"end":{"line":8,"column":15}},"loc":{"start":{"line":8,"column":31},"end":{"line":63,"column":1}}},"1":{"name":"(anonymous_1)","decl":{"start":{"line":11,"column":8},"end":{"line":11,"column":13}},"loc":{"start":{"line":11,"column":33},"end":{"line":17,"column":9}}},"2":{"name":"(anonymous_2)","decl":{"start":{"line":22,"column":8},"end":{"line":22,"column":13}},"loc":{"start":{"line":22,"column":33},"end":{"line":28,"column":9}}},"3":{"name":"(anonymous_3)","decl":{"start":{"line":33,"column":8},"end":{"line":33,"column":13}},"loc":{"start":{"line":33,"column":33},"end":{"line":39,"column":9}}},"4":{"name":"(anonymous_4)","decl":{"start":{"line":44,"column":8},"end":{"line":44,"column":13}},"loc":{"start":{"line":44,"column":33},"end":{"line":50,"column":9}}},"5":{"name":"(anonymous_5)","decl":{"start":{"line":55,"column":8},"end":{"line":55,"column":13}},"loc":{"start":{"line":55,"column":33},"end":{"line":61,"column":9}}}},"branchMap":{},"s":{"0":8,"1":8,"2":8,"3":4,"4":4,"5":0,"6":8,"7":2,"8":2,"9":0,"10":8,"11":4,"12":4,"13":0,"14":8,"15":4,"16":4,"17":0,"18":8,"19":3,"20":3,"21":0,"22":8},"f":{"0":8,"1":4,"2":2,"3":4,"4":4,"5":3},"b":{}}
,"C:\\Users\\Ryan\\Desktop\\Teach2give\\event_ticketing_system\\backend\\src\\venues\\venue.service.ts": {"path":"C:\\Users\\Ryan\\Desktop\\Teach2give\\event_ticketing_system\\backend\\src\\venues\\venue.service.ts","statementMap":{"0":{"start":{"line":1,"column":0},"end":{"line":1,"column":31}},"1":{"start":{"line":2,"column":0},"end":{"line":2,"column":48}},"2":{"start":{"line":3,"column":0},"end":{"line":3,"column":33}},"3":{"start":{"line":7,"column":28},"end":{"line":10,"column":1}},"4":{"start":{"line":8,"column":17},"end":{"line":8,"column":54}},"5":{"start":{"line":9,"column":4},"end":{"line":9,"column":18}},"6":{"start":{"line":7,"column":13},"end":{"line":7,"column":28}},"7":{"start":{"line":13,"column":28},"end":{"line":18,"column":1}},"8":{"start":{"line":14,"column":17},"end":{"line":16,"column":4}},"9":{"start":{"line":17,"column":2},"end":{"line":17,"column":null}},"10":{"start":{"line":13,"column":13},"end":{"line":13,"column":28}},"11":{"start":{"line":21,"column":27},"end":{"line":27,"column":1}},"12":{"start":{"line":22,"column":23},"end":{"line":22,"column":77}},"13":{"start":{"line":23,"column":4},"end":{"line":25,"column":5}},"14":{"start":{"line":24,"column":8},"end":{"line":24,"column":null}},"15":{"start":{"line":26,"column":4},"end":{"line":26,"column":null}},"16":{"start":{"line":21,"column":13},"end":{"line":21,"column":27}},"17":{"start":{"line":30,"column":28},"end":{"line":42,"column":1}},"18":{"start":{"line":31,"column":20},"end":{"line":35,"column":16}},"19":{"start":{"line":37,"column":4},"end":{"line":39,"column":5}},"20":{"start":{"line":38,"column":8},"end":{"line":38,"column":20}},"21":{"start":{"line":41,"column":4},"end":{"line":41,"column":22}},"22":{"start":{"line":30,"column":13},"end":{"line":30,"column":28}},"23":{"start":{"line":45,"column":27},"end":{"line":48,"column":1}},"24":{"start":{"line":46,"column":2},"end":{"line":46,"column":null}},"25":{"start":{"line":47,"column":2},"end":{"line":47,"column":38}},"26":{"start":{"line":45,"column":13},"end":{"line":45,"column":27}}},"fnMap":{"0":{"name":"(anonymous_1)","decl":{"start":{"line":7,"column":28},"end":{"line":7,"column":33}},"loc":{"start":{"line":7,"column":39},"end":{"line":10,"column":1}}},"1":{"name":"(anonymous_2)","decl":{"start":{"line":13,"column":28},"end":{"line":13,"column":33}},"loc":{"start":{"line":13,"column":49},"end":{"line":18,"column":1}}},"2":{"name":"(anonymous_3)","decl":{"start":{"line":21,"column":27},"end":{"line":21,"column":32}},"loc":{"start":{"line":21,"column":52},"end":{"line":27,"column":1}}},"3":{"name":"(anonymous_4)","decl":{"start":{"line":30,"column":28},"end":{"line":30,"column":33}},"loc":{"start":{"line":30,"column":65},"end":{"line":42,"column":1}}},"4":{"name":"(anonymous_5)","decl":{"start":{"line":45,"column":27},"end":{"line":45,"column":32}},"loc":{"start":{"line":45,"column":48},"end":{"line":48,"column":1}}}},"branchMap":{"0":{"loc":{"start":{"line":23,"column":4},"end":{"line":25,"column":5}},"type":"if","locations":[{"start":{"line":23,"column":4},"end":{"line":25,"column":5}},{"start":{},"end":{}}]},"1":{"loc":{"start":{"line":37,"column":4},"end":{"line":39,"column":5}},"type":"if","locations":[{"start":{"line":37,"column":4},"end":{"line":39,"column":5}},{"start":{},"end":{}}]},"2":{"loc":{"start":{"line":37,"column":8},"end":{"line":37,"column":40}},"type":"binary-expr","locations":[{"start":{"line":37,"column":8},"end":{"line":37,"column":16}},{"start":{"line":37,"column":20},"end":{"line":37,"column":40}}]}},"s":{"0":8,"1":8,"2":8,"3":8,"4":1,"5":1,"6":8,"7":8,"8":2,"9":2,"10":8,"11":8,"12":2,"13":1,"14":1,"15":0,"16":8,"17":8,"18":2,"19":2,"20":1,"21":1,"22":8,"23":8,"24":1,"25":1,"26":8},"f":{"0":1,"1":2,"2":2,"3":2,"4":1},"b":{"0":[1,0],"1":[1,1],"2":[2,2]}}
}
