TN:
SF:src\index.ts
FN:12,(anonymous_1)
FN:32,(anonymous_2)
FNF:2
FNH:1
FNDA:8,(anonymous_1)
FNDA:0,(anonymous_2)
DA:1,8
DA:2,8
DA:3,8
DA:4,8
DA:5,8
DA:6,8
DA:7,8
DA:10,8
DA:12,8
DA:13,8
DA:16,8
DA:17,8
DA:25,8
DA:26,8
DA:27,8
DA:28,8
DA:29,8
DA:30,8
DA:32,8
DA:33,0
DA:36,8
DA:39,8
DA:40,8
LF:23
LH:22
BRF:0
BRH:0
end_of_record
TN:
SF:src\bookings\booking.controller.ts
FN:5,(anonymous_9)
FN:18,(anonymous_10)
FN:44,(anonymous_11)
FN:62,(anonymous_12)
FN:85,(anonymous_13)
FN:106,(anonymous_14)
FNF:6
FNH:6
FNDA:2,(anonymous_9)
FNDA:4,(anonymous_10)
FNDA:4,(anonymous_11)
FNDA:4,(anonymous_12)
FNDA:3,(anonymous_13)
FNDA:4,(anonymous_14)
DA:2,8
DA:5,8
DA:6,2
DA:7,2
DA:8,1
DA:9,1
DA:11,1
DA:12,1
DA:13,1
DA:18,8
DA:19,4
DA:20,4
DA:22,4
DA:23,1
DA:24,1
DA:27,3
DA:29,2
DA:30,1
DA:31,1
DA:34,1
DA:36,1
DA:38,1
DA:39,1
DA:44,8
DA:45,4
DA:46,4
DA:48,2
DA:49,1
DA:50,1
DA:52,1
DA:53,1
DA:55,2
DA:56,2
DA:57,2
DA:62,8
DA:63,4
DA:64,4
DA:66,4
DA:67,1
DA:68,1
DA:71,3
DA:72,2
DA:73,1
DA:75,1
DA:76,1
DA:78,1
DA:79,1
DA:80,1
DA:85,8
DA:86,3
DA:87,3
DA:89,3
DA:90,1
DA:91,1
DA:94,2
DA:95,1
DA:96,1
DA:98,1
DA:99,1
DA:100,1
DA:106,8
DA:107,4
DA:108,4
DA:110,4
DA:111,1
DA:112,1
DA:115,3
DA:117,2
DA:118,1
DA:119,1
DA:122,1
DA:123,1
DA:125,1
DA:126,1
DA:127,1
LF:75
LH:75
BRDA:12,0,0,1
BRDA:12,0,1,0
BRDA:22,1,0,1
BRDA:22,1,1,3
BRDA:29,2,0,1
BRDA:29,2,1,1
BRDA:48,3,0,1
BRDA:48,3,1,1
BRDA:56,4,0,2
BRDA:56,4,1,0
BRDA:66,5,0,1
BRDA:66,5,1,3
BRDA:72,6,0,1
BRDA:72,6,1,1
BRDA:79,7,0,1
BRDA:79,7,1,0
BRDA:89,8,0,1
BRDA:89,8,1,2
BRDA:99,9,0,1
BRDA:99,9,1,0
BRDA:110,10,0,1
BRDA:110,10,1,3
BRDA:117,11,0,1
BRDA:117,11,1,1
BRDA:117,12,0,2
BRDA:117,12,1,2
BRDA:126,13,0,1
BRDA:126,13,1,0
BRF:28
BRH:23
end_of_record
TN:
SF:src\bookings\booking.router.ts
FN:9,(anonymous_0)
FN:12,(anonymous_1)
FN:24,(anonymous_2)
FN:35,(anonymous_3)
FN:46,(anonymous_4)
FN:57,(anonymous_5)
FN:69,(anonymous_6)
FNF:7
FNH:7
FNDA:8,(anonymous_0)
FNDA:4,(anonymous_1)
FNDA:2,(anonymous_2)
FNDA:4,(anonymous_3)
FNDA:4,(anonymous_4)
FNDA:3,(anonymous_5)
FNDA:4,(anonymous_6)
DA:2,8
DA:4,8
DA:9,8
DA:11,8
DA:13,4
DA:14,4
DA:16,0
DA:22,8
DA:25,2
DA:26,2
DA:28,0
DA:34,8
DA:36,4
DA:37,4
DA:39,0
DA:45,8
DA:47,4
DA:48,4
DA:50,0
DA:56,8
DA:58,3
DA:59,3
DA:61,0
DA:67,8
DA:70,4
DA:71,4
DA:73,0
DA:80,8
LF:28
LH:22
BRF:0
BRH:0
end_of_record
TN:
SF:src\bookings\booking.service.ts
FN:7,(anonymous_1)
FN:13,(anonymous_2)
FN:21,(anonymous_3)
FN:30,(anonymous_4)
FN:45,(anonymous_5)
FN:51,(anonymous_6)
FNF:6
FNH:6
FNDA:1,(anonymous_1)
FNDA:2,(anonymous_2)
FNDA:2,(anonymous_3)
FNDA:2,(anonymous_4)
FNDA:1,(anonymous_5)
FNDA:1,(anonymous_6)
DA:1,8
DA:2,8
DA:3,8
DA:7,8
DA:8,1
DA:9,1
DA:13,8
DA:14,2
DA:17,2
DA:21,8
DA:22,2
DA:23,1
DA:24,1
DA:26,0
DA:30,8
DA:31,2
DA:37,2
DA:38,1
DA:41,1
DA:45,8
DA:46,1
DA:47,1
DA:51,8
DA:52,1
DA:55,1
LF:25
LH:24
BRDA:23,0,0,1
BRDA:23,0,1,0
BRDA:37,1,0,1
BRDA:37,1,1,1
BRDA:37,2,0,2
BRDA:37,2,1,2
BRF:6
BRH:5
end_of_record
TN:
SF:src\customer_support\support.controller.ts
FN:5,(anonymous_9)
FN:18,(anonymous_10)
FN:44,(anonymous_11)
FN:62,(anonymous_12)
FN:85,(anonymous_13)
FN:105,(anonymous_14)
FNF:6
FNH:6
FNDA:2,(anonymous_9)
FNDA:4,(anonymous_10)
FNDA:4,(anonymous_11)
FNDA:4,(anonymous_12)
FNDA:3,(anonymous_13)
FNDA:4,(anonymous_14)
DA:2,8
DA:5,8
DA:6,2
DA:7,2
DA:8,1
DA:9,1
DA:11,1
DA:12,1
DA:13,1
DA:18,8
DA:19,4
DA:20,4
DA:22,4
DA:23,2
DA:24,2
DA:27,2
DA:29,1
DA:30,1
DA:31,1
DA:34,0
DA:36,0
DA:38,1
DA:39,1
DA:44,8
DA:45,4
DA:46,4
DA:48,1
DA:49,1
DA:50,1
DA:52,0
DA:53,0
DA:55,3
DA:56,3
DA:57,3
DA:62,8
DA:63,4
DA:64,4
DA:66,4
DA:67,3
DA:68,3
DA:71,1
DA:72,1
DA:73,1
DA:75,0
DA:76,0
DA:78,0
DA:79,0
DA:80,0
DA:85,8
DA:86,3
DA:87,3
DA:89,3
DA:90,2
DA:91,2
DA:94,1
DA:95,0
DA:96,0
DA:98,1
DA:99,1
DA:100,1
DA:105,8
DA:106,4
DA:107,4
DA:109,4
DA:110,1
DA:111,1
DA:114,3
DA:116,2
DA:117,2
DA:118,2
DA:121,0
DA:122,0
DA:124,1
DA:125,1
DA:126,1
LF:75
LH:62
BRDA:12,0,0,1
BRDA:12,0,1,0
BRDA:22,1,0,2
BRDA:22,1,1,2
BRDA:29,2,0,1
BRDA:29,2,1,0
BRDA:48,3,0,1
BRDA:48,3,1,0
BRDA:56,4,0,3
BRDA:56,4,1,0
BRDA:66,5,0,3
BRDA:66,5,1,1
BRDA:72,6,0,1
BRDA:72,6,1,0
BRDA:79,7,0,0
BRDA:79,7,1,0
BRDA:89,8,0,2
BRDA:89,8,1,1
BRDA:99,9,0,1
BRDA:99,9,1,0
BRDA:109,10,0,1
BRDA:109,10,1,3
BRDA:116,11,0,2
BRDA:116,11,1,0
BRDA:116,12,0,2
BRDA:116,12,1,2
BRDA:125,13,0,1
BRDA:125,13,1,0
BRF:28
BRH:18
end_of_record
TN:
SF:src\customer_support\support.router.ts
FN:9,(anonymous_0)
FN:12,(anonymous_1)
FN:23,(anonymous_2)
FN:34,(anonymous_3)
FN:45,(anonymous_4)
FN:56,(anonymous_5)
FN:67,(anonymous_6)
FNF:7
FNH:7
FNDA:8,(anonymous_0)
FNDA:4,(anonymous_1)
FNDA:2,(anonymous_2)
FNDA:4,(anonymous_3)
FNDA:4,(anonymous_4)
FNDA:3,(anonymous_5)
FNDA:4,(anonymous_6)
DA:2,8
DA:9,8
DA:11,8
DA:13,4
DA:14,4
DA:16,0
DA:22,8
DA:24,2
DA:25,2
DA:27,0
DA:33,8
DA:35,4
DA:36,4
DA:38,0
DA:44,8
DA:46,4
DA:47,4
DA:49,0
DA:55,8
DA:57,3
DA:58,3
DA:60,0
DA:66,8
DA:68,4
DA:69,4
DA:71,0
DA:78,8
LF:27
LH:21
BRF:0
BRH:0
end_of_record
TN:
SF:src\customer_support\support.service.ts
FN:7,(anonymous_1)
FN:13,(anonymous_2)
FN:21,(anonymous_3)
FN:30,(anonymous_4)
FN:45,(anonymous_5)
FN:51,(anonymous_6)
FNF:6
FNH:5
FNDA:1,(anonymous_1)
FNDA:1,(anonymous_2)
FNDA:2,(anonymous_3)
FNDA:1,(anonymous_4)
FNDA:0,(anonymous_5)
FNDA:1,(anonymous_6)
DA:1,8
DA:2,8
DA:3,8
DA:7,8
DA:8,1
DA:9,1
DA:13,8
DA:14,1
DA:17,1
DA:21,8
DA:22,2
DA:23,0
DA:24,0
DA:26,0
DA:30,8
DA:31,1
DA:37,1
DA:38,1
DA:41,0
DA:45,8
DA:46,0
DA:47,0
DA:51,8
DA:52,1
DA:55,1
LF:25
LH:19
BRDA:23,0,0,0
BRDA:23,0,1,0
BRDA:37,1,0,1
BRDA:37,1,1,0
BRDA:37,2,0,1
BRDA:37,2,1,1
BRF:6
BRH:3
end_of_record
TN:
SF:src\events\event.controller.ts
FN:5,(anonymous_9)
FN:18,(anonymous_10)
FN:44,(anonymous_11)
FN:69,(anonymous_12)
FN:101,(anonymous_13)
FNF:5
FNH:5
FNDA:2,(anonymous_9)
FNDA:4,(anonymous_10)
FNDA:4,(anonymous_11)
FNDA:4,(anonymous_12)
FNDA:3,(anonymous_13)
DA:2,8
DA:5,8
DA:6,2
DA:7,2
DA:8,1
DA:9,1
DA:11,1
DA:12,1
DA:13,1
DA:18,8
DA:19,4
DA:20,4
DA:22,4
DA:23,1
DA:24,1
DA:27,3
DA:29,2
DA:30,1
DA:31,1
DA:34,1
DA:36,1
DA:38,1
DA:39,1
DA:44,8
DA:45,4
DA:46,4
DA:49,4
DA:50,4
DA:51,4
DA:53,4
DA:55,2
DA:56,1
DA:57,1
DA:59,1
DA:60,1
DA:62,2
DA:63,2
DA:64,2
DA:69,8
DA:70,4
DA:71,4
DA:73,4
DA:74,1
DA:75,1
DA:78,3
DA:81,3
DA:82,3
DA:83,3
DA:84,3
DA:85,3
DA:87,3
DA:88,2
DA:89,1
DA:91,1
DA:92,1
DA:94,1
DA:95,1
DA:96,1
DA:101,8
DA:102,3
DA:103,3
DA:105,3
DA:106,1
DA:107,1
DA:110,2
DA:111,1
DA:112,1
DA:114,1
DA:115,1
DA:116,1
LF:70
LH:70
BRDA:12,0,0,1
BRDA:12,0,1,0
BRDA:22,1,0,1
BRDA:22,1,1,3
BRDA:29,2,0,1
BRDA:29,2,1,1
BRDA:49,3,0,3
BRDA:49,3,1,1
BRDA:50,4,0,3
BRDA:50,4,1,1
BRDA:51,5,0,3
BRDA:51,5,1,1
BRDA:55,6,0,1
BRDA:55,6,1,1
BRDA:63,7,0,2
BRDA:63,7,1,0
BRDA:73,8,0,1
BRDA:73,8,1,3
BRDA:81,9,0,0
BRDA:81,9,1,3
BRDA:82,10,0,0
BRDA:82,10,1,3
BRDA:83,11,0,0
BRDA:83,11,1,3
BRDA:84,12,0,0
BRDA:84,12,1,3
BRDA:85,13,0,0
BRDA:85,13,1,3
BRDA:88,14,0,1
BRDA:88,14,1,1
BRDA:95,15,0,1
BRDA:95,15,1,0
BRDA:105,16,0,1
BRDA:105,16,1,2
BRDA:115,17,0,1
BRDA:115,17,1,0
BRF:36
BRH:27
end_of_record
TN:
SF:src\events\event.router.ts
FN:8,(anonymous_0)
FN:11,(anonymous_1)
FN:22,(anonymous_2)
FN:33,(anonymous_3)
FN:44,(anonymous_4)
FN:55,(anonymous_5)
FNF:6
FNH:6
FNDA:8,(anonymous_0)
FNDA:4,(anonymous_1)
FNDA:2,(anonymous_2)
FNDA:4,(anonymous_3)
FNDA:4,(anonymous_4)
FNDA:3,(anonymous_5)
DA:2,8
DA:8,8
DA:10,8
DA:12,4
DA:13,4
DA:15,0
DA:21,8
DA:23,2
DA:24,2
DA:26,0
DA:32,8
DA:34,4
DA:35,4
DA:37,0
DA:43,8
DA:45,4
DA:46,4
DA:48,0
DA:54,8
DA:56,3
DA:57,3
DA:59,0
DA:66,8
LF:23
LH:18
BRF:0
BRH:0
end_of_record
TN:
SF:src\events\event.service.ts
FN:7,(anonymous_1)
FN:13,(anonymous_2)
FN:21,(anonymous_3)
FN:30,(anonymous_4)
FN:45,(anonymous_5)
FNF:5
FNH:5
FNDA:1,(anonymous_1)
FNDA:2,(anonymous_2)
FNDA:2,(anonymous_3)
FNDA:2,(anonymous_4)
FNDA:1,(anonymous_5)
DA:1,8
DA:2,8
DA:3,8
DA:7,8
DA:8,1
DA:9,1
DA:13,8
DA:14,2
DA:17,2
DA:21,8
DA:22,2
DA:23,1
DA:24,1
DA:26,0
DA:30,8
DA:31,2
DA:37,2
DA:38,1
DA:41,1
DA:45,8
DA:46,1
DA:47,1
LF:22
LH:21
BRDA:23,0,0,1
BRDA:23,0,1,0
BRDA:37,1,0,1
BRDA:37,1,1,1
BRDA:37,2,0,2
BRDA:37,2,1,2
BRF:6
BRH:5
end_of_record
TN:
SF:src\middleware\bearAuth.ts
FN:28,(anonymous_1)
FN:29,(anonymous_2)
FNF:2
FNH:1
FNDA:21,(anonymous_1)
FNDA:0,(anonymous_2)
DA:1,7
DA:2,7
DA:28,7
DA:29,21
DA:30,0
DA:32,0
DA:33,0
DA:34,0
DA:37,0
DA:39,0
DA:40,0
DA:41,0
DA:44,0
DA:49,0
DA:50,0
DA:51,0
DA:52,0
DA:55,0
DA:56,0
DA:57,0
DA:59,0
DA:60,0
DA:62,0
DA:63,0
DA:67,0
DA:68,0
DA:74,7
DA:75,7
DA:76,7
LF:29
LH:7
BRDA:32,0,0,0
BRDA:32,0,1,0
BRDA:32,1,0,0
BRDA:32,1,1,0
BRDA:44,2,0,0
BRDA:44,2,1,0
BRDA:45,3,0,0
BRDA:45,3,1,0
BRDA:45,3,2,0
BRDA:49,4,0,0
BRDA:49,4,1,0
BRDA:50,5,0,0
BRDA:50,5,1,0
BRDA:50,6,0,0
BRDA:50,6,1,0
BRDA:55,7,0,0
BRDA:55,7,1,0
BRF:17
BRH:0
end_of_record
TN:
SF:src\payments\payment.controller.ts
FN:5,(anonymous_9)
FN:18,(anonymous_10)
FN:44,(anonymous_11)
FN:67,(anonymous_12)
FN:96,(anonymous_13)
FN:116,(anonymous_14)
FNF:6
FNH:6
FNDA:2,(anonymous_9)
FNDA:4,(anonymous_10)
FNDA:4,(anonymous_11)
FNDA:4,(anonymous_12)
FNDA:3,(anonymous_13)
FNDA:4,(anonymous_14)
DA:2,8
DA:5,8
DA:6,2
DA:7,2
DA:8,1
DA:9,1
DA:11,1
DA:12,1
DA:13,1
DA:18,8
DA:19,4
DA:20,4
DA:22,4
DA:23,1
DA:24,1
DA:27,3
DA:29,2
DA:30,1
DA:31,1
DA:34,1
DA:36,1
DA:38,1
DA:39,1
DA:44,8
DA:45,4
DA:47,4
DA:49,4
DA:51,4
DA:53,2
DA:54,1
DA:55,1
DA:57,1
DA:58,1
DA:60,2
DA:61,2
DA:62,2
DA:67,8
DA:68,4
DA:69,4
DA:71,4
DA:72,1
DA:73,1
DA:76,3
DA:78,3
DA:79,3
DA:80,3
DA:82,3
DA:83,2
DA:84,1
DA:86,1
DA:87,1
DA:89,1
DA:90,1
DA:91,1
DA:96,8
DA:97,3
DA:98,3
DA:100,3
DA:101,1
DA:102,1
DA:105,2
DA:106,1
DA:107,1
DA:109,1
DA:110,1
DA:111,1
DA:116,8
DA:117,4
DA:118,4
DA:120,4
DA:121,1
DA:122,1
DA:125,3
DA:127,2
DA:128,1
DA:129,1
DA:132,1
DA:133,1
DA:135,1
DA:136,1
DA:137,1
LF:81
LH:81
BRDA:12,0,0,1
BRDA:12,0,1,0
BRDA:22,1,0,1
BRDA:22,1,1,3
BRDA:29,2,0,1
BRDA:29,2,1,1
BRDA:49,3,0,3
BRDA:49,3,1,1
BRDA:53,4,0,1
BRDA:53,4,1,1
BRDA:61,5,0,2
BRDA:61,5,1,0
BRDA:71,6,0,1
BRDA:71,6,1,3
BRDA:78,7,0,0
BRDA:78,7,1,3
BRDA:79,8,0,0
BRDA:79,8,1,3
BRDA:80,9,0,0
BRDA:80,9,1,3
BRDA:83,10,0,1
BRDA:83,10,1,1
BRDA:90,11,0,1
BRDA:90,11,1,0
BRDA:100,12,0,1
BRDA:100,12,1,2
BRDA:110,13,0,1
BRDA:110,13,1,0
BRDA:120,14,0,1
BRDA:120,14,1,3
BRDA:127,15,0,1
BRDA:127,15,1,1
BRDA:127,16,0,2
BRDA:127,16,1,2
BRDA:136,17,0,1
BRDA:136,17,1,0
BRF:36
BRH:28
end_of_record
TN:
SF:src\payments\payment.router.ts
FN:8,(anonymous_0)
FN:11,(anonymous_1)
FN:22,(anonymous_2)
FN:33,(anonymous_3)
FN:44,(anonymous_4)
FN:55,(anonymous_5)
FN:66,(anonymous_6)
FNF:7
FNH:7
FNDA:8,(anonymous_0)
FNDA:4,(anonymous_1)
FNDA:2,(anonymous_2)
FNDA:4,(anonymous_3)
FNDA:4,(anonymous_4)
FNDA:3,(anonymous_5)
FNDA:4,(anonymous_6)
DA:2,8
DA:8,8
DA:10,8
DA:12,4
DA:13,4
DA:15,0
DA:21,8
DA:23,2
DA:24,2
DA:26,0
DA:32,8
DA:34,4
DA:35,4
DA:37,0
DA:43,8
DA:45,4
DA:46,4
DA:48,0
DA:54,8
DA:56,3
DA:57,3
DA:59,0
DA:65,8
DA:67,4
DA:68,4
DA:70,0
DA:77,8
LF:27
LH:21
BRF:0
BRH:0
end_of_record
TN:
SF:src\payments\payment.service.ts
FN:7,(anonymous_1)
FN:13,(anonymous_2)
FN:21,(anonymous_3)
FN:30,(anonymous_4)
FN:45,(anonymous_5)
FN:51,(anonymous_6)
FNF:6
FNH:6
FNDA:1,(anonymous_1)
FNDA:2,(anonymous_2)
FNDA:2,(anonymous_3)
FNDA:2,(anonymous_4)
FNDA:1,(anonymous_5)
FNDA:1,(anonymous_6)
DA:1,8
DA:2,8
DA:3,8
DA:7,8
DA:8,1
DA:9,1
DA:13,8
DA:14,2
DA:17,2
DA:21,8
DA:22,2
DA:23,1
DA:24,1
DA:26,0
DA:30,8
DA:31,2
DA:37,2
DA:38,1
DA:41,1
DA:45,8
DA:46,1
DA:47,1
DA:51,8
DA:52,1
DA:55,1
LF:25
LH:24
BRDA:23,0,0,1
BRDA:23,0,1,0
BRDA:37,1,0,1
BRDA:37,1,1,1
BRDA:37,2,0,2
BRDA:37,2,1,2
BRF:6
BRH:5
end_of_record
TN:
SF:src\users\user.controller.ts
FN:9,(anonymous_10)
FN:22,(anonymous_11)
FN:48,(anonymous_12)
FN:91,(anonymous_13)
FN:134,(anonymous_14)
FN:158,(anonymous_15)
FN:178,(anonymous_16)
FNF:7
FNH:7
FNDA:2,(anonymous_10)
FNDA:5,(anonymous_11)
FNDA:4,(anonymous_12)
FNDA:2,(anonymous_13)
FNDA:4,(anonymous_14)
FNDA:3,(anonymous_15)
FNDA:3,(anonymous_16)
DA:2,8
DA:3,8
DA:4,8
DA:5,8
DA:6,8
DA:9,8
DA:10,2
DA:11,2
DA:12,1
DA:13,1
DA:15,1
DA:16,1
DA:17,1
DA:22,8
DA:23,5
DA:24,5
DA:26,5
DA:27,1
DA:28,1
DA:31,4
DA:33,3
DA:34,2
DA:35,2
DA:38,1
DA:40,1
DA:42,1
DA:43,1
DA:48,8
DA:49,4
DA:51,4
DA:52,4
DA:53,4
DA:54,3
DA:57,3
DA:58,3
DA:59,3
DA:61,3
DA:63,1
DA:64,0
DA:65,0
DA:67,1
DA:68,1
DA:79,0
DA:81,1
DA:82,1
DA:84,3
DA:85,3
DA:86,3
DA:91,8
DA:92,2
DA:93,2
DA:94,2
DA:95,2
DA:96,0
DA:97,0
DA:100,2
DA:101,1
DA:104,1
DA:105,1
DA:116,0
DA:118,1
DA:119,1
DA:121,1
DA:122,1
DA:126,0
DA:127,0
DA:134,8
DA:135,4
DA:136,4
DA:138,4
DA:139,1
DA:140,1
DA:143,3
DA:144,3
DA:145,1
DA:147,2
DA:148,1
DA:149,1
DA:151,1
DA:152,1
DA:153,1
DA:158,8
DA:159,3
DA:160,3
DA:162,3
DA:163,1
DA:164,1
DA:167,2
DA:168,1
DA:169,1
DA:171,1
DA:172,1
DA:173,1
DA:178,8
DA:180,3
DA:181,3
DA:184,3
DA:185,3
DA:186,1
DA:190,2
DA:191,2
DA:192,1
DA:196,1
DA:206,1
DA:207,1
DA:208,0
DA:210,1
DA:213,1
DA:229,0
LF:109
LH:99
BRDA:16,0,0,1
BRDA:16,0,1,0
BRDA:26,1,0,1
BRDA:26,1,1,4
BRDA:33,2,0,2
BRDA:33,2,1,1
BRDA:63,3,0,0
BRDA:63,3,1,1
BRDA:85,4,0,3
BRDA:85,4,1,0
BRDA:95,5,0,0
BRDA:95,5,1,2
BRDA:100,6,0,1
BRDA:100,6,1,1
BRDA:138,7,0,1
BRDA:138,7,1,3
BRDA:144,8,0,1
BRDA:144,8,1,2
BRDA:152,9,0,1
BRDA:152,9,1,0
BRDA:162,10,0,1
BRDA:162,10,1,2
BRDA:172,11,0,1
BRDA:172,11,1,0
BRDA:185,12,0,1
BRDA:185,12,1,2
BRDA:191,13,0,1
BRDA:191,13,1,1
BRDA:207,14,0,0
BRDA:207,14,1,1
BRF:30
BRH:23
end_of_record
TN:
SF:src\users\user.router.ts
FN:7,(anonymous_0)
FN:10,(anonymous_1)
FN:21,(anonymous_2)
FN:32,(anonymous_3)
FN:43,(anonymous_4)
FN:54,(anonymous_5)
FN:65,(anonymous_6)
FN:77,(anonymous_7)
FNF:8
FNH:8
FNDA:8,(anonymous_0)
FNDA:4,(anonymous_1)
FNDA:2,(anonymous_2)
FNDA:5,(anonymous_3)
FNDA:4,(anonymous_4)
FNDA:3,(anonymous_5)
FNDA:3,(anonymous_6)
FNDA:2,(anonymous_7)
DA:2,8
DA:7,8
DA:9,8
DA:11,4
DA:12,4
DA:14,0
DA:20,8
DA:22,2
DA:23,2
DA:25,0
DA:31,8
DA:33,5
DA:34,5
DA:36,0
DA:42,8
DA:44,4
DA:45,4
DA:47,0
DA:53,8
DA:55,3
DA:56,3
DA:58,0
DA:64,8
DA:66,3
DA:67,3
DA:69,0
DA:76,8
DA:78,2
DA:79,2
DA:81,0
DA:88,8
LF:31
LH:24
BRF:0
BRH:0
end_of_record
TN:
SF:src\users\user.service.ts
FN:7,(anonymous_1)
FN:13,(anonymous_2)
FN:21,(anonymous_3)
FN:27,(anonymous_4)
FN:34,(anonymous_5)
FN:41,(anonymous_6)
FN:47,(anonymous_7)
FN:53,(anonymous_8)
FNF:8
FNH:8
FNDA:1,(anonymous_1)
FNDA:6,(anonymous_2)
FNDA:3,(anonymous_3)
FNDA:5,(anonymous_4)
FNDA:1,(anonymous_5)
FNDA:1,(anonymous_6)
FNDA:1,(anonymous_7)
FNDA:3,(anonymous_8)
DA:1,8
DA:2,8
DA:3,8
DA:7,8
DA:8,1
DA:9,1
DA:13,8
DA:14,6
DA:17,6
DA:21,8
DA:22,3
DA:23,1
DA:27,8
DA:28,5
DA:34,8
DA:35,1
DA:41,8
DA:42,1
DA:43,1
DA:47,8
DA:48,1
DA:49,1
DA:53,8
DA:55,3
DA:56,3
LF:25
LH:25
BRF:0
BRH:0
end_of_record
TN:
SF:src\venues\venue.controller.ts
FN:5,(anonymous_9)
FN:18,(anonymous_10)
FN:44,(anonymous_11)
FN:66,(anonymous_12)
FN:93,(anonymous_13)
FNF:5
FNH:5
FNDA:2,(anonymous_9)
FNDA:4,(anonymous_10)
FNDA:4,(anonymous_11)
FNDA:4,(anonymous_12)
FNDA:3,(anonymous_13)
DA:2,8
DA:5,8
DA:6,2
DA:7,2
DA:8,1
DA:9,1
DA:11,1
DA:12,1
DA:13,1
DA:18,8
DA:19,4
DA:20,4
DA:22,4
DA:23,1
DA:24,1
DA:27,3
DA:29,2
DA:30,1
DA:31,1
DA:34,1
DA:36,1
DA:38,1
DA:39,1
DA:44,8
DA:45,4
DA:46,4
DA:48,4
DA:50,4
DA:52,2
DA:53,1
DA:54,1
DA:56,1
DA:57,1
DA:59,2
DA:60,2
DA:61,2
DA:66,8
DA:67,4
DA:68,4
DA:70,4
DA:71,1
DA:72,1
DA:75,3
DA:77,3
DA:79,3
DA:80,2
DA:81,1
DA:83,1
DA:84,1
DA:86,1
DA:87,1
DA:88,1
DA:93,8
DA:94,3
DA:95,3
DA:97,3
DA:98,1
DA:99,1
DA:102,2
DA:103,1
DA:104,1
DA:106,1
DA:107,1
DA:108,1
LF:64
LH:64
BRDA:12,0,0,1
BRDA:12,0,1,0
BRDA:22,1,0,1
BRDA:22,1,1,3
BRDA:29,2,0,1
BRDA:29,2,1,1
BRDA:48,3,0,3
BRDA:48,3,1,1
BRDA:52,4,0,1
BRDA:52,4,1,1
BRDA:60,5,0,2
BRDA:60,5,1,0
BRDA:70,6,0,1
BRDA:70,6,1,3
BRDA:77,7,0,0
BRDA:77,7,1,3
BRDA:80,8,0,1
BRDA:80,8,1,1
BRDA:87,9,0,1
BRDA:87,9,1,0
BRDA:97,10,0,1
BRDA:97,10,1,2
BRDA:107,11,0,1
BRDA:107,11,1,0
BRF:24
BRH:19
end_of_record
TN:
SF:src\venues\venue.router.ts
FN:8,(anonymous_0)
FN:11,(anonymous_1)
FN:22,(anonymous_2)
FN:33,(anonymous_3)
FN:44,(anonymous_4)
FN:55,(anonymous_5)
FNF:6
FNH:6
FNDA:8,(anonymous_0)
FNDA:4,(anonymous_1)
FNDA:2,(anonymous_2)
FNDA:4,(anonymous_3)
FNDA:4,(anonymous_4)
FNDA:3,(anonymous_5)
DA:2,8
DA:8,8
DA:10,8
DA:12,4
DA:13,4
DA:15,0
DA:21,8
DA:23,2
DA:24,2
DA:26,0
DA:32,8
DA:34,4
DA:35,4
DA:37,0
DA:43,8
DA:45,4
DA:46,4
DA:48,0
DA:54,8
DA:56,3
DA:57,3
DA:59,0
DA:66,8
LF:23
LH:18
BRF:0
BRH:0
end_of_record
TN:
SF:src\venues\venue.service.ts
FN:7,(anonymous_1)
FN:13,(anonymous_2)
FN:21,(anonymous_3)
FN:30,(anonymous_4)
FN:45,(anonymous_5)
FNF:5
FNH:5
FNDA:1,(anonymous_1)
FNDA:2,(anonymous_2)
FNDA:2,(anonymous_3)
FNDA:2,(anonymous_4)
FNDA:1,(anonymous_5)
DA:1,8
DA:2,8
DA:3,8
DA:7,8
DA:8,1
DA:9,1
DA:13,8
DA:14,2
DA:17,2
DA:21,8
DA:22,2
DA:23,1
DA:24,1
DA:26,0
DA:30,8
DA:31,2
DA:37,2
DA:38,1
DA:41,1
DA:45,8
DA:46,1
DA:47,1
LF:22
LH:21
BRDA:23,0,0,1
BRDA:23,0,1,0
BRDA:37,1,0,1
BRDA:37,1,1,1
BRDA:37,2,0,2
BRDA:37,2,1,2
BRF:6
BRH:5
end_of_record
